2016-11-29 11:22:42,508 - ERROR - START>Application
2016-11-29 13:53:36,198 - ERROR - Could not execute query: select count(*) as col_0_0_ from WIP_LOT lot0_ where lot0_.HOLD_FLAG='False' and lot0_.DELETED_FLAG='False'
System.Data.SqlClient.SqlException (0x80131904): Timeout 时间已到。在操作完成之前超时时间已过或服务器未响应。 ---> System.ComponentModel.Win32Exception (0x80004005): 等待的操作过时。
   在 System.Data.SqlClient.SqlConnection.OnError(SqlException exception, Boolean breakConnection, Action`1 wrapCloseInAction)
   在 System.Data.SqlClient.TdsParser.ThrowExceptionAndWarning(TdsParserStateObject stateObj, Boolean callerHasConnectionLock, Boolean asyncClose)
   在 System.Data.SqlClient.TdsParser.TryRun(RunBehavior runBehavior, SqlCommand cmdHandler, SqlDataReader dataStream, BulkCopySimpleResultSet bulkCopyHandler, TdsParserStateObject stateObj, Boolean& dataReady)
   在 System.Data.SqlClient.SqlDataReader.TryConsumeMetaData()
   在 System.Data.SqlClient.SqlDataReader.get_MetaData()
   在 System.Data.SqlClient.SqlCommand.FinishExecuteReader(SqlDataReader ds, RunBehavior runBehavior, String resetOptionsString)
   在 System.Data.SqlClient.SqlCommand.RunExecuteReaderTds(CommandBehavior cmdBehavior, RunBehavior runBehavior, Boolean returnStream, Boolean async, Int32 timeout, Task& task, Boolean asyncWrite, SqlDataReader ds, Boolean describeParameterEncryptionRequest)
   在 System.Data.SqlClient.SqlCommand.RunExecuteReader(CommandBehavior cmdBehavior, RunBehavior runBehavior, Boolean returnStream, String method, TaskCompletionSource`1 completion, Int32 timeout, Task& task, Boolean asyncWrite)
   在 System.Data.SqlClient.SqlCommand.RunExecuteReader(CommandBehavior cmdBehavior, RunBehavior runBehavior, Boolean returnStream, String method)
   在 System.Data.SqlClient.SqlCommand.ExecuteReader(CommandBehavior behavior, String method)
   在 NHibernate.AdoNet.AbstractBatcher.ExecuteReader(IDbCommand cmd) 位置 p:\nhibernate-core\src\NHibernate\AdoNet\AbstractBatcher.cs:行号 223
ClientConnectionId:5dbe3474-e110-4f46-a60a-0fb96c550cbb
Error Number:-2,State:0,Class:11
2016-11-29 13:53:36,375 - ERROR - Timeout 时间已到。在操作完成之前超时时间已过或服务器未响应。
2016-11-29 13:53:36,375 - ERROR - 等待的操作过时。
2016-11-29 13:53:36,487 - ERROR - Timeout 时间已到。在操作完成之前超时时间已过或服务器未响应。
2016-11-29 13:53:36,487 - ERROR - 等待的操作过时。
2016-11-29 13:53:36,490 - ERROR - Timeout 时间已到。在操作完成之前超时时间已过或服务器未响应。
2016-11-29 13:53:36,490 - ERROR - 等待的操作过时。
2016-11-29 18:39:01,230 - ERROR - START>Application
2016-11-29 20:34:00,850 - ERROR - START>Application
