2016-07-21 09:00:56,303 - ERROR - START>Application
2016-07-21 09:09:35,332 - ERROR - START>Application
2016-07-21 09:17:07,397 - ERROR - START>Application
2016-07-21 09:50:16,474 - ERROR - START>Application
2016-07-21 10:01:56,733 - ERROR - START>Application
2016-07-21 10:06:59,777 - ERROR - START>Application
2016-07-21 10:10:08,428 - ERROR - Could not execute query: select count(*) as col_0_0_ from WIP_LOT lot0_ where lot0_.ROUTE_STEP_NAME='终检' and lot0_.HOLD_FLAG='False' and lot0_.DELETED_FLAG='False' and lot0_.CREATE_TIME<='2016-07-22 10:07:52'
System.Data.SqlClient.SqlException (0x80131904): Timeout 时间已到。在操作完成之前超时时间已过或服务器未响应。 ---> System.ComponentModel.Win32Exception (0x80004005): 等待的操作过时。
   在 System.Data.SqlClient.SqlInternalConnection.OnError(SqlException exception, Boolean breakConnection, Action`1 wrapCloseInAction)
   在 System.Data.SqlClient.TdsParser.ThrowExceptionAndWarning(TdsParserStateObject stateObj, Boolean callerHasConnectionLock, Boolean asyncClose)
   在 System.Data.SqlClient.TdsParserStateObject.ReadSniError(TdsParserStateObject stateObj, UInt32 error)
   在 System.Data.SqlClient.TdsParserStateObject.ReadSniSyncOverAsync()
   在 System.Data.SqlClient.TdsParserStateObject.TryReadNetworkPacket()
   在 System.Data.SqlClient.TdsParserStateObject.TryPrepareBuffer()
   在 System.Data.SqlClient.TdsParserStateObject.TryReadByte(Byte& value)
   在 System.Data.SqlClient.TdsParser.TryRun(RunBehavior runBehavior, SqlCommand cmdHandler, SqlDataReader dataStream, BulkCopySimpleResultSet bulkCopyHandler, TdsParserStateObject stateObj, Boolean& dataReady)
   在 System.Data.SqlClient.SqlDataReader.TryConsumeMetaData()
   在 System.Data.SqlClient.SqlDataReader.get_MetaData()
   在 System.Data.SqlClient.SqlCommand.FinishExecuteReader(SqlDataReader ds, RunBehavior runBehavior, String resetOptionsString)
   在 System.Data.SqlClient.SqlCommand.RunExecuteReaderTds(CommandBehavior cmdBehavior, RunBehavior runBehavior, Boolean returnStream, Boolean async, Int32 timeout, Task& task, Boolean asyncWrite, SqlDataReader ds, Boolean describeParameterEncryptionRequest)
   在 System.Data.SqlClient.SqlCommand.RunExecuteReader(CommandBehavior cmdBehavior, RunBehavior runBehavior, Boolean returnStream, String method, TaskCompletionSource`1 completion, Int32 timeout, Task& task, Boolean asyncWrite)
   在 System.Data.SqlClient.SqlCommand.RunExecuteReader(CommandBehavior cmdBehavior, RunBehavior runBehavior, Boolean returnStream, String method)
   在 System.Data.SqlClient.SqlCommand.ExecuteReader(CommandBehavior behavior, String method)
   在 System.Data.SqlClient.SqlCommand.ExecuteDbDataReader(CommandBehavior behavior)
   在 System.Data.Common.DbCommand.System.Data.IDbCommand.ExecuteReader()
   在 NHibernate.AdoNet.AbstractBatcher.ExecuteReader(IDbCommand cmd) 位置 p:\nhibernate-core\src\NHibernate\AdoNet\AbstractBatcher.cs:行号 223
ClientConnectionId:975fdef6-9172-4ccf-9853-04183d618bc4
Error Number:-2,State:0,Class:11
2016-07-21 10:10:08,475 - ERROR - Timeout 时间已到。在操作完成之前超时时间已过或服务器未响应。
2016-07-21 10:10:08,475 - ERROR - 等待的操作过时。
2016-07-21 10:10:08,522 - ERROR - Timeout 时间已到。在操作完成之前超时时间已过或服务器未响应。
2016-07-21 10:10:08,522 - ERROR - 等待的操作过时。
2016-07-21 10:10:08,522 - ERROR - Timeout 时间已到。在操作完成之前超时时间已过或服务器未响应。
2016-07-21 10:10:08,522 - ERROR - 等待的操作过时。
2016-07-21 10:10:29,465 - ERROR - START>Application
