2016-07-12 08:38:59,587 - ERROR - START>Application
2016-07-12 08:53:44,880 - ERROR - START>Application
2016-07-12 09:01:39,345 - ERROR - START>Application
2016-07-12 09:11:11,845 - ERROR - Timeout 时间已到。在操作完成之前超时时间已过或服务器未响应。
语句已终止。
2016-07-12 09:11:11,845 - ERROR - 等待的操作过时。
2016-07-12 09:11:11,892 - ERROR - Could not synchronize database state with session
NHibernate.Exceptions.GenericADOException: could not execute batch command.[SQL: SQL not available] ---> System.Data.SqlClient.SqlException: Timeout 时间已到。在操作完成之前超时时间已过或服务器未响应。
语句已终止。 ---> System.ComponentModel.Win32Exception: 等待的操作过时。
   --- 内部异常堆栈跟踪的结尾 ---
   在 System.Data.SqlClient.SqlConnection.OnError(SqlException exception, Boolean breakConnection, Action`1 wrapCloseInAction)
   在 System.Data.SqlClient.SqlInternalConnection.OnError(SqlException exception, Boolean breakConnection, Action`1 wrapCloseInAction)
   在 System.Data.SqlClient.TdsParser.ThrowExceptionAndWarning(TdsParserStateObject stateObj, Boolean callerHasConnectionLock, Boolean asyncClose)
   在 System.Data.SqlClient.TdsParser.TryRun(RunBehavior runBehavior, SqlCommand cmdHandler, SqlDataReader dataStream, BulkCopySimpleResultSet bulkCopyHandler, TdsParserStateObject stateObj, Boolean& dataReady)
   在 System.Data.SqlClient.SqlCommand.FinishExecuteReader(SqlDataReader ds, RunBehavior runBehavior, String resetOptionsString)
   在 System.Data.SqlClient.SqlCommand.RunExecuteReaderTds(CommandBehavior cmdBehavior, RunBehavior runBehavior, Boolean returnStream, Boolean async, Int32 timeout, Task& task, Boolean asyncWrite, SqlDataReader ds, Boolean describeParameterEncryptionRequest)
   在 System.Data.SqlClient.SqlCommand.RunExecuteReader(CommandBehavior cmdBehavior, RunBehavior runBehavior, Boolean returnStream, String method, TaskCompletionSource`1 completion, Int32 timeout, Task& task, Boolean asyncWrite)
   在 System.Data.SqlClient.SqlCommand.InternalExecuteNonQuery(TaskCompletionSource`1 completion, String methodName, Boolean sendToPipe, Int32 timeout, Boolean asyncWrite)
   在 System.Data.SqlClient.SqlCommand.ExecuteNonQuery()
   在 System.Data.SqlClient.SqlCommand.ExecuteBatchRPCCommand()
   在 System.Data.SqlClient.SqlCommandSet.ExecuteNonQuery()
   在 NHibernate.AdoNet.SqlClientSqlCommandSet.ExecuteNonQuery() 位置 p:\nhibernate-core\src\NHibernate\AdoNet\SqlClientSqlCommandSet.cs:行号 117
   在 NHibernate.AdoNet.SqlClientBatchingBatcher.DoExecuteBatch(IDbCommand ps) 位置 p:\nhibernate-core\src\NHibernate\AdoNet\SqlClientBatchingBatcher.cs:行号 87
   --- 内部异常堆栈跟踪的结尾 ---
   在 NHibernate.AdoNet.SqlClientBatchingBatcher.DoExecuteBatch(IDbCommand ps) 位置 p:\nhibernate-core\src\NHibernate\AdoNet\SqlClientBatchingBatcher.cs:行号 91
   在 NHibernate.AdoNet.AbstractBatcher.ExecuteBatchWithTiming(IDbCommand ps) 位置 p:\nhibernate-core\src\NHibernate\AdoNet\AbstractBatcher.cs:行号 412
   在 NHibernate.AdoNet.AbstractBatcher.ExecuteBatch() 位置 p:\nhibernate-core\src\NHibernate\AdoNet\AbstractBatcher.cs:行号 397
   在 NHibernate.AdoNet.AbstractBatcher.OnPreparedCommand() 位置 p:\nhibernate-core\src\NHibernate\AdoNet\AbstractBatcher.cs:行号 155
   在 NHibernate.AdoNet.AbstractBatcher.PrepareCommand(CommandType type, SqlString sql, SqlType[] parameterTypes) 位置 p:\nhibernate-core\src\NHibernate\AdoNet\AbstractBatcher.cs:行号 142
   在 NHibernate.AdoNet.AbstractBatcher.PrepareBatchCommand(CommandType type, SqlString sql, SqlType[] parameterTypes) 位置 p:\nhibernate-core\src\NHibernate\AdoNet\AbstractBatcher.cs:行号 132
   在 NHibernate.Persister.Entity.AbstractEntityPersister.Update(Object id, Object[] fields, Object[] oldFields, Object rowId, Boolean[] includeProperty, Int32 j, Object oldVersion, Object obj, SqlCommandInfo sql, ISessionImplementor session) 位置 p:\nhibernate-core\src\NHibernate\Persister\Entity\AbstractEntityPersister.cs:行号 2735
   在 NHibernate.Persister.Entity.AbstractEntityPersister.UpdateOrInsert(Object id, Object[] fields, Object[] oldFields, Object rowId, Boolean[] includeProperty, Int32 j, Object oldVersion, Object obj, SqlCommandInfo sql, ISessionImplementor session) 位置 p:\nhibernate-core\src\NHibernate\Persister\Entity\AbstractEntityPersister.cs:行号 2702
   在 NHibernate.Persister.Entity.AbstractEntityPersister.Update(Object id, Object[] fields, Int32[] dirtyFields, Boolean hasDirtyCollection, Object[] oldFields, Object oldVersion, Object obj, Object rowId, ISessionImplementor session) 位置 p:\nhibernate-core\src\NHibernate\Persister\Entity\AbstractEntityPersister.cs:行号 3010
   在 NHibernate.Action.EntityUpdateAction.Execute() 位置 p:\nhibernate-core\src\NHibernate\Action\EntityUpdateAction.cs:行号 79
   在 NHibernate.Engine.ActionQueue.Execute(IExecutable executable) 位置 p:\nhibernate-core\src\NHibernate\Engine\ActionQueue.cs:行号 136
   在 NHibernate.Engine.ActionQueue.ExecuteActions(IList list) 位置 p:\nhibernate-core\src\NHibernate\Engine\ActionQueue.cs:行号 126
   在 NHibernate.Engine.ActionQueue.ExecuteActions() 位置 p:\nhibernate-core\src\NHibernate\Engine\ActionQueue.cs:行号 170
   在 NHibernate.Event.Default.AbstractFlushingEventListener.PerformExecutions(IEventSource session) 位置 p:\nhibernate-core\src\NHibernate\Event\Default\AbstractFlushingEventListener.cs:行号 241
2016-07-12 09:14:00,636 - ERROR - Timeout 时间已到。在操作完成之前超时时间已过或服务器未响应。
语句已终止。
2016-07-12 09:14:00,636 - ERROR - 等待的操作过时。
2016-07-12 09:14:00,668 - ERROR - Could not synchronize database state with session
NHibernate.Exceptions.GenericADOException: could not execute batch command.[SQL: SQL not available] ---> System.Data.SqlClient.SqlException: Timeout 时间已到。在操作完成之前超时时间已过或服务器未响应。
语句已终止。 ---> System.ComponentModel.Win32Exception: 等待的操作过时。
   --- 内部异常堆栈跟踪的结尾 ---
   在 System.Data.SqlClient.SqlConnection.OnError(SqlException exception, Boolean breakConnection, Action`1 wrapCloseInAction)
   在 System.Data.SqlClient.SqlInternalConnection.OnError(SqlException exception, Boolean breakConnection, Action`1 wrapCloseInAction)
   在 System.Data.SqlClient.TdsParser.ThrowExceptionAndWarning(TdsParserStateObject stateObj, Boolean callerHasConnectionLock, Boolean asyncClose)
   在 System.Data.SqlClient.TdsParser.TryRun(RunBehavior runBehavior, SqlCommand cmdHandler, SqlDataReader dataStream, BulkCopySimpleResultSet bulkCopyHandler, TdsParserStateObject stateObj, Boolean& dataReady)
   在 System.Data.SqlClient.SqlCommand.FinishExecuteReader(SqlDataReader ds, RunBehavior runBehavior, String resetOptionsString)
   在 System.Data.SqlClient.SqlCommand.RunExecuteReaderTds(CommandBehavior cmdBehavior, RunBehavior runBehavior, Boolean returnStream, Boolean async, Int32 timeout, Task& task, Boolean asyncWrite, SqlDataReader ds, Boolean describeParameterEncryptionRequest)
   在 System.Data.SqlClient.SqlCommand.RunExecuteReader(CommandBehavior cmdBehavior, RunBehavior runBehavior, Boolean returnStream, String method, TaskCompletionSource`1 completion, Int32 timeout, Task& task, Boolean asyncWrite)
   在 System.Data.SqlClient.SqlCommand.InternalExecuteNonQuery(TaskCompletionSource`1 completion, String methodName, Boolean sendToPipe, Int32 timeout, Boolean asyncWrite)
   在 System.Data.SqlClient.SqlCommand.ExecuteNonQuery()
   在 System.Data.SqlClient.SqlCommand.ExecuteBatchRPCCommand()
   在 System.Data.SqlClient.SqlCommandSet.ExecuteNonQuery()
   在 NHibernate.AdoNet.SqlClientSqlCommandSet.ExecuteNonQuery() 位置 p:\nhibernate-core\src\NHibernate\AdoNet\SqlClientSqlCommandSet.cs:行号 117
   在 NHibernate.AdoNet.SqlClientBatchingBatcher.DoExecuteBatch(IDbCommand ps) 位置 p:\nhibernate-core\src\NHibernate\AdoNet\SqlClientBatchingBatcher.cs:行号 87
   --- 内部异常堆栈跟踪的结尾 ---
   在 NHibernate.AdoNet.SqlClientBatchingBatcher.DoExecuteBatch(IDbCommand ps) 位置 p:\nhibernate-core\src\NHibernate\AdoNet\SqlClientBatchingBatcher.cs:行号 91
   在 NHibernate.AdoNet.AbstractBatcher.ExecuteBatchWithTiming(IDbCommand ps) 位置 p:\nhibernate-core\src\NHibernate\AdoNet\AbstractBatcher.cs:行号 412
   在 NHibernate.AdoNet.AbstractBatcher.ExecuteBatch() 位置 p:\nhibernate-core\src\NHibernate\AdoNet\AbstractBatcher.cs:行号 397
   在 NHibernate.AdoNet.AbstractBatcher.OnPreparedCommand() 位置 p:\nhibernate-core\src\NHibernate\AdoNet\AbstractBatcher.cs:行号 155
   在 NHibernate.AdoNet.AbstractBatcher.PrepareCommand(CommandType type, SqlString sql, SqlType[] parameterTypes) 位置 p:\nhibernate-core\src\NHibernate\AdoNet\AbstractBatcher.cs:行号 142
   在 NHibernate.AdoNet.AbstractBatcher.PrepareBatchCommand(CommandType type, SqlString sql, SqlType[] parameterTypes) 位置 p:\nhibernate-core\src\NHibernate\AdoNet\AbstractBatcher.cs:行号 132
   在 NHibernate.Persister.Entity.AbstractEntityPersister.Update(Object id, Object[] fields, Object[] oldFields, Object rowId, Boolean[] includeProperty, Int32 j, Object oldVersion, Object obj, SqlCommandInfo sql, ISessionImplementor session) 位置 p:\nhibernate-core\src\NHibernate\Persister\Entity\AbstractEntityPersister.cs:行号 2735
   在 NHibernate.Persister.Entity.AbstractEntityPersister.UpdateOrInsert(Object id, Object[] fields, Object[] oldFields, Object rowId, Boolean[] includeProperty, Int32 j, Object oldVersion, Object obj, SqlCommandInfo sql, ISessionImplementor session) 位置 p:\nhibernate-core\src\NHibernate\Persister\Entity\AbstractEntityPersister.cs:行号 2702
   在 NHibernate.Persister.Entity.AbstractEntityPersister.Update(Object id, Object[] fields, Int32[] dirtyFields, Boolean hasDirtyCollection, Object[] oldFields, Object oldVersion, Object obj, Object rowId, ISessionImplementor session) 位置 p:\nhibernate-core\src\NHibernate\Persister\Entity\AbstractEntityPersister.cs:行号 3010
   在 NHibernate.Action.EntityUpdateAction.Execute() 位置 p:\nhibernate-core\src\NHibernate\Action\EntityUpdateAction.cs:行号 79
   在 NHibernate.Engine.ActionQueue.Execute(IExecutable executable) 位置 p:\nhibernate-core\src\NHibernate\Engine\ActionQueue.cs:行号 136
   在 NHibernate.Engine.ActionQueue.ExecuteActions(IList list) 位置 p:\nhibernate-core\src\NHibernate\Engine\ActionQueue.cs:行号 126
   在 NHibernate.Engine.ActionQueue.ExecuteActions() 位置 p:\nhibernate-core\src\NHibernate\Engine\ActionQueue.cs:行号 170
   在 NHibernate.Event.Default.AbstractFlushingEventListener.PerformExecutions(IEventSource session) 位置 p:\nhibernate-core\src\NHibernate\Event\Default\AbstractFlushingEventListener.cs:行号 241
2016-07-12 09:15:18,249 - ERROR - Timeout 时间已到。在操作完成之前超时时间已过或服务器未响应。
语句已终止。
2016-07-12 09:15:18,249 - ERROR - 等待的操作过时。
2016-07-12 09:15:18,291 - ERROR - Could not synchronize database state with session
NHibernate.Exceptions.GenericADOException: could not execute batch command.[SQL: SQL not available] ---> System.Data.SqlClient.SqlException: Timeout 时间已到。在操作完成之前超时时间已过或服务器未响应。
语句已终止。 ---> System.ComponentModel.Win32Exception: 等待的操作过时。
   --- 内部异常堆栈跟踪的结尾 ---
   在 System.Data.SqlClient.SqlConnection.OnError(SqlException exception, Boolean breakConnection, Action`1 wrapCloseInAction)
   在 System.Data.SqlClient.SqlInternalConnection.OnError(SqlException exception, Boolean breakConnection, Action`1 wrapCloseInAction)
   在 System.Data.SqlClient.TdsParser.ThrowExceptionAndWarning(TdsParserStateObject stateObj, Boolean callerHasConnectionLock, Boolean asyncClose)
   在 System.Data.SqlClient.TdsParser.TryRun(RunBehavior runBehavior, SqlCommand cmdHandler, SqlDataReader dataStream, BulkCopySimpleResultSet bulkCopyHandler, TdsParserStateObject stateObj, Boolean& dataReady)
   在 System.Data.SqlClient.SqlCommand.FinishExecuteReader(SqlDataReader ds, RunBehavior runBehavior, String resetOptionsString)
   在 System.Data.SqlClient.SqlCommand.RunExecuteReaderTds(CommandBehavior cmdBehavior, RunBehavior runBehavior, Boolean returnStream, Boolean async, Int32 timeout, Task& task, Boolean asyncWrite, SqlDataReader ds, Boolean describeParameterEncryptionRequest)
   在 System.Data.SqlClient.SqlCommand.RunExecuteReader(CommandBehavior cmdBehavior, RunBehavior runBehavior, Boolean returnStream, String method, TaskCompletionSource`1 completion, Int32 timeout, Task& task, Boolean asyncWrite)
   在 System.Data.SqlClient.SqlCommand.InternalExecuteNonQuery(TaskCompletionSource`1 completion, String methodName, Boolean sendToPipe, Int32 timeout, Boolean asyncWrite)
   在 System.Data.SqlClient.SqlCommand.ExecuteNonQuery()
   在 System.Data.SqlClient.SqlCommand.ExecuteBatchRPCCommand()
   在 System.Data.SqlClient.SqlCommandSet.ExecuteNonQuery()
   在 NHibernate.AdoNet.SqlClientSqlCommandSet.ExecuteNonQuery() 位置 p:\nhibernate-core\src\NHibernate\AdoNet\SqlClientSqlCommandSet.cs:行号 117
   在 NHibernate.AdoNet.SqlClientBatchingBatcher.DoExecuteBatch(IDbCommand ps) 位置 p:\nhibernate-core\src\NHibernate\AdoNet\SqlClientBatchingBatcher.cs:行号 87
   --- 内部异常堆栈跟踪的结尾 ---
   在 NHibernate.AdoNet.SqlClientBatchingBatcher.DoExecuteBatch(IDbCommand ps) 位置 p:\nhibernate-core\src\NHibernate\AdoNet\SqlClientBatchingBatcher.cs:行号 91
   在 NHibernate.AdoNet.AbstractBatcher.ExecuteBatchWithTiming(IDbCommand ps) 位置 p:\nhibernate-core\src\NHibernate\AdoNet\AbstractBatcher.cs:行号 412
   在 NHibernate.AdoNet.AbstractBatcher.ExecuteBatch() 位置 p:\nhibernate-core\src\NHibernate\AdoNet\AbstractBatcher.cs:行号 397
   在 NHibernate.AdoNet.AbstractBatcher.OnPreparedCommand() 位置 p:\nhibernate-core\src\NHibernate\AdoNet\AbstractBatcher.cs:行号 155
   在 NHibernate.AdoNet.AbstractBatcher.PrepareCommand(CommandType type, SqlString sql, SqlType[] parameterTypes) 位置 p:\nhibernate-core\src\NHibernate\AdoNet\AbstractBatcher.cs:行号 142
   在 NHibernate.AdoNet.AbstractBatcher.PrepareBatchCommand(CommandType type, SqlString sql, SqlType[] parameterTypes) 位置 p:\nhibernate-core\src\NHibernate\AdoNet\AbstractBatcher.cs:行号 132
   在 NHibernate.Persister.Entity.AbstractEntityPersister.Update(Object id, Object[] fields, Object[] oldFields, Object rowId, Boolean[] includeProperty, Int32 j, Object oldVersion, Object obj, SqlCommandInfo sql, ISessionImplementor session) 位置 p:\nhibernate-core\src\NHibernate\Persister\Entity\AbstractEntityPersister.cs:行号 2735
   在 NHibernate.Persister.Entity.AbstractEntityPersister.UpdateOrInsert(Object id, Object[] fields, Object[] oldFields, Object rowId, Boolean[] includeProperty, Int32 j, Object oldVersion, Object obj, SqlCommandInfo sql, ISessionImplementor session) 位置 p:\nhibernate-core\src\NHibernate\Persister\Entity\AbstractEntityPersister.cs:行号 2702
   在 NHibernate.Persister.Entity.AbstractEntityPersister.Update(Object id, Object[] fields, Int32[] dirtyFields, Boolean hasDirtyCollection, Object[] oldFields, Object oldVersion, Object obj, Object rowId, ISessionImplementor session) 位置 p:\nhibernate-core\src\NHibernate\Persister\Entity\AbstractEntityPersister.cs:行号 3010
   在 NHibernate.Action.EntityUpdateAction.Execute() 位置 p:\nhibernate-core\src\NHibernate\Action\EntityUpdateAction.cs:行号 79
   在 NHibernate.Engine.ActionQueue.Execute(IExecutable executable) 位置 p:\nhibernate-core\src\NHibernate\Engine\ActionQueue.cs:行号 136
   在 NHibernate.Engine.ActionQueue.ExecuteActions(IList list) 位置 p:\nhibernate-core\src\NHibernate\Engine\ActionQueue.cs:行号 126
   在 NHibernate.Engine.ActionQueue.ExecuteActions() 位置 p:\nhibernate-core\src\NHibernate\Engine\ActionQueue.cs:行号 170
   在 NHibernate.Event.Default.AbstractFlushingEventListener.PerformExecutions(IEventSource session) 位置 p:\nhibernate-core\src\NHibernate\Event\Default\AbstractFlushingEventListener.cs:行号 241
2016-07-12 10:25:54,001 - ERROR - START>Application
2016-07-12 10:44:00,670 - ERROR - START>Application
2016-07-12 10:53:09,798 - ERROR - START>Application
2016-07-12 11:04:07,656 - ERROR - START>Application
2016-07-12 11:31:12,575 - ERROR - START>Application
2016-07-12 11:42:32,776 - ERROR - START>Application
2016-07-12 11:56:04,222 - ERROR - START>Application
2016-07-12 11:59:55,002 - ERROR - START>Application
2016-07-12 13:10:01,295 - ERROR - START>Application
2016-07-12 13:14:19,663 - ERROR - START>Application
2016-07-12 14:29:16,142 - ERROR - START>Application
2016-07-12 14:37:16,644 - ERROR - START>Application
2016-07-12 14:45:33,036 - ERROR - START>Application
2016-07-12 15:13:45,407 - ERROR - START>Application
2016-07-12 15:31:19,541 - ERROR - START>Application
2016-07-12 15:34:30,405 - ERROR - START>Application
2016-07-12 15:38:07,030 - ERROR - START>Application
2016-07-12 19:25:27,486 - ERROR - START>Application
