2016-07-11 08:30:25,516 - ERROR - START>Application
2016-07-11 08:38:33,895 - ERROR - START>Application
2016-07-11 09:02:24,919 - ERROR - START>Application
2016-07-11 11:27:33,283 - ERROR - START>Application
2016-07-11 15:29:44,390 - ERROR - START>Application
2016-07-11 15:30:52,576 - ERROR - START>Application
2016-07-11 15:44:08,587 - ERROR - START>Application
2016-07-11 15:59:01,438 - ERROR - ProductLevelPower>
System.NullReferenceException: 未将对象引用设置到对象的实例。
   在 ServiceCenter.MES.Service.WIP.WipEngineerService.ProductLevelPower(IVTestData ivtestDescy, Lot lot) 位置 e:\Workspace\Jinergy\JNMMES\trunk\src\ServiceCenter.Modules\WIP\ServiceCenter.MES.Service.WIP\WipEngineerServiceForTrack.cs:行号 2190
2016-07-11 15:59:49,256 - ERROR - Timeout 时间已到。在操作完成之前超时时间已过或服务器未响应。
语句已终止。
2016-07-11 15:59:49,256 - ERROR - 等待的操作过时。
2016-07-11 15:59:49,303 - ERROR - Could not synchronize database state with session
NHibernate.Exceptions.GenericADOException: could not execute batch command.[SQL: SQL not available] ---> System.Data.SqlClient.SqlException: Timeout 时间已到。在操作完成之前超时时间已过或服务器未响应。
语句已终止。 ---> System.ComponentModel.Win32Exception: 等待的操作过时。
   --- 内部异常堆栈跟踪的结尾 ---
   在 System.Data.SqlClient.SqlConnection.OnError(SqlException exception, Boolean breakConnection, Action`1 wrapCloseInAction)
   在 System.Data.SqlClient.SqlInternalConnection.OnError(SqlException exception, Boolean breakConnection, Action`1 wrapCloseInAction)
   在 System.Data.SqlClient.TdsParser.ThrowExceptionAndWarning(TdsParserStateObject stateObj, Boolean callerHasConnectionLock, Boolean asyncClose)
   在 System.Data.SqlClient.TdsParser.TryRun(RunBehavior runBehavior, SqlCommand cmdHandler, SqlDataReader dataStream, BulkCopySimpleResultSet bulkCopyHandler, TdsParserStateObject stateObj, Boolean& dataReady)
   在 System.Data.SqlClient.SqlCommand.FinishExecuteReader(SqlDataReader ds, RunBehavior runBehavior, String resetOptionsString)
   在 System.Data.SqlClient.SqlCommand.RunExecuteReaderTds(CommandBehavior cmdBehavior, RunBehavior runBehavior, Boolean returnStream, Boolean async, Int32 timeout, Task& task, Boolean asyncWrite, SqlDataReader ds, Boolean describeParameterEncryptionRequest)
   在 System.Data.SqlClient.SqlCommand.RunExecuteReader(CommandBehavior cmdBehavior, RunBehavior runBehavior, Boolean returnStream, String method, TaskCompletionSource`1 completion, Int32 timeout, Task& task, Boolean asyncWrite)
   在 System.Data.SqlClient.SqlCommand.InternalExecuteNonQuery(TaskCompletionSource`1 completion, String methodName, Boolean sendToPipe, Int32 timeout, Boolean asyncWrite)
   在 System.Data.SqlClient.SqlCommand.ExecuteNonQuery()
   在 System.Data.SqlClient.SqlCommand.ExecuteBatchRPCCommand()
   在 System.Data.SqlClient.SqlCommandSet.ExecuteNonQuery()
   在 NHibernate.AdoNet.SqlClientSqlCommandSet.ExecuteNonQuery() 位置 p:\nhibernate-core\src\NHibernate\AdoNet\SqlClientSqlCommandSet.cs:行号 117
   在 NHibernate.AdoNet.SqlClientBatchingBatcher.DoExecuteBatch(IDbCommand ps) 位置 p:\nhibernate-core\src\NHibernate\AdoNet\SqlClientBatchingBatcher.cs:行号 87
   --- 内部异常堆栈跟踪的结尾 ---
   在 NHibernate.AdoNet.SqlClientBatchingBatcher.DoExecuteBatch(IDbCommand ps) 位置 p:\nhibernate-core\src\NHibernate\AdoNet\SqlClientBatchingBatcher.cs:行号 91
   在 NHibernate.AdoNet.AbstractBatcher.ExecuteBatchWithTiming(IDbCommand ps) 位置 p:\nhibernate-core\src\NHibernate\AdoNet\AbstractBatcher.cs:行号 412
   在 NHibernate.AdoNet.AbstractBatcher.ExecuteBatch() 位置 p:\nhibernate-core\src\NHibernate\AdoNet\AbstractBatcher.cs:行号 397
   在 NHibernate.AdoNet.AbstractBatcher.OnPreparedCommand() 位置 p:\nhibernate-core\src\NHibernate\AdoNet\AbstractBatcher.cs:行号 155
   在 NHibernate.AdoNet.AbstractBatcher.PrepareCommand(CommandType type, SqlString sql, SqlType[] parameterTypes) 位置 p:\nhibernate-core\src\NHibernate\AdoNet\AbstractBatcher.cs:行号 142
   在 NHibernate.AdoNet.AbstractBatcher.PrepareBatchCommand(CommandType type, SqlString sql, SqlType[] parameterTypes) 位置 p:\nhibernate-core\src\NHibernate\AdoNet\AbstractBatcher.cs:行号 132
   在 NHibernate.Persister.Entity.AbstractEntityPersister.Update(Object id, Object[] fields, Object[] oldFields, Object rowId, Boolean[] includeProperty, Int32 j, Object oldVersion, Object obj, SqlCommandInfo sql, ISessionImplementor session) 位置 p:\nhibernate-core\src\NHibernate\Persister\Entity\AbstractEntityPersister.cs:行号 2735
   在 NHibernate.Persister.Entity.AbstractEntityPersister.UpdateOrInsert(Object id, Object[] fields, Object[] oldFields, Object rowId, Boolean[] includeProperty, Int32 j, Object oldVersion, Object obj, SqlCommandInfo sql, ISessionImplementor session) 位置 p:\nhibernate-core\src\NHibernate\Persister\Entity\AbstractEntityPersister.cs:行号 2702
   在 NHibernate.Persister.Entity.AbstractEntityPersister.Update(Object id, Object[] fields, Int32[] dirtyFields, Boolean hasDirtyCollection, Object[] oldFields, Object oldVersion, Object obj, Object rowId, ISessionImplementor session) 位置 p:\nhibernate-core\src\NHibernate\Persister\Entity\AbstractEntityPersister.cs:行号 3010
   在 NHibernate.Action.EntityUpdateAction.Execute() 位置 p:\nhibernate-core\src\NHibernate\Action\EntityUpdateAction.cs:行号 79
   在 NHibernate.Engine.ActionQueue.Execute(IExecutable executable) 位置 p:\nhibernate-core\src\NHibernate\Engine\ActionQueue.cs:行号 136
   在 NHibernate.Engine.ActionQueue.ExecuteActions(IList list) 位置 p:\nhibernate-core\src\NHibernate\Engine\ActionQueue.cs:行号 126
   在 NHibernate.Engine.ActionQueue.ExecuteActions() 位置 p:\nhibernate-core\src\NHibernate\Engine\ActionQueue.cs:行号 170
   在 NHibernate.Event.Default.AbstractFlushingEventListener.PerformExecutions(IEventSource session) 位置 p:\nhibernate-core\src\NHibernate\Event\Default\AbstractFlushingEventListener.cs:行号 241
2016-07-11 16:02:38,494 - ERROR - ProductLevelPower>
System.NullReferenceException: 未将对象引用设置到对象的实例。
   在 ServiceCenter.MES.Service.WIP.WipEngineerService.ProductLevelPower(IVTestData ivtestDescy, Lot lot) 位置 e:\Workspace\Jinergy\JNMMES\trunk\src\ServiceCenter.Modules\WIP\ServiceCenter.MES.Service.WIP\WipEngineerServiceForTrack.cs:行号 2190
2016-07-11 16:03:29,423 - ERROR - Timeout 时间已到。在操作完成之前超时时间已过或服务器未响应。
语句已终止。
2016-07-11 16:03:29,423 - ERROR - 等待的操作过时。
2016-07-11 16:03:29,470 - ERROR - Could not synchronize database state with session
NHibernate.Exceptions.GenericADOException: could not execute batch command.[SQL: SQL not available] ---> System.Data.SqlClient.SqlException: Timeout 时间已到。在操作完成之前超时时间已过或服务器未响应。
语句已终止。 ---> System.ComponentModel.Win32Exception: 等待的操作过时。
   --- 内部异常堆栈跟踪的结尾 ---
   在 System.Data.SqlClient.SqlConnection.OnError(SqlException exception, Boolean breakConnection, Action`1 wrapCloseInAction)
   在 System.Data.SqlClient.SqlInternalConnection.OnError(SqlException exception, Boolean breakConnection, Action`1 wrapCloseInAction)
   在 System.Data.SqlClient.TdsParser.ThrowExceptionAndWarning(TdsParserStateObject stateObj, Boolean callerHasConnectionLock, Boolean asyncClose)
   在 System.Data.SqlClient.TdsParser.TryRun(RunBehavior runBehavior, SqlCommand cmdHandler, SqlDataReader dataStream, BulkCopySimpleResultSet bulkCopyHandler, TdsParserStateObject stateObj, Boolean& dataReady)
   在 System.Data.SqlClient.SqlCommand.FinishExecuteReader(SqlDataReader ds, RunBehavior runBehavior, String resetOptionsString)
   在 System.Data.SqlClient.SqlCommand.RunExecuteReaderTds(CommandBehavior cmdBehavior, RunBehavior runBehavior, Boolean returnStream, Boolean async, Int32 timeout, Task& task, Boolean asyncWrite, SqlDataReader ds, Boolean describeParameterEncryptionRequest)
   在 System.Data.SqlClient.SqlCommand.RunExecuteReader(CommandBehavior cmdBehavior, RunBehavior runBehavior, Boolean returnStream, String method, TaskCompletionSource`1 completion, Int32 timeout, Task& task, Boolean asyncWrite)
   在 System.Data.SqlClient.SqlCommand.InternalExecuteNonQuery(TaskCompletionSource`1 completion, String methodName, Boolean sendToPipe, Int32 timeout, Boolean asyncWrite)
   在 System.Data.SqlClient.SqlCommand.ExecuteNonQuery()
   在 System.Data.SqlClient.SqlCommand.ExecuteBatchRPCCommand()
   在 System.Data.SqlClient.SqlCommandSet.ExecuteNonQuery()
   在 NHibernate.AdoNet.SqlClientSqlCommandSet.ExecuteNonQuery() 位置 p:\nhibernate-core\src\NHibernate\AdoNet\SqlClientSqlCommandSet.cs:行号 117
   在 NHibernate.AdoNet.SqlClientBatchingBatcher.DoExecuteBatch(IDbCommand ps) 位置 p:\nhibernate-core\src\NHibernate\AdoNet\SqlClientBatchingBatcher.cs:行号 87
   --- 内部异常堆栈跟踪的结尾 ---
   在 NHibernate.AdoNet.SqlClientBatchingBatcher.DoExecuteBatch(IDbCommand ps) 位置 p:\nhibernate-core\src\NHibernate\AdoNet\SqlClientBatchingBatcher.cs:行号 91
   在 NHibernate.AdoNet.AbstractBatcher.ExecuteBatchWithTiming(IDbCommand ps) 位置 p:\nhibernate-core\src\NHibernate\AdoNet\AbstractBatcher.cs:行号 412
   在 NHibernate.AdoNet.AbstractBatcher.ExecuteBatch() 位置 p:\nhibernate-core\src\NHibernate\AdoNet\AbstractBatcher.cs:行号 397
   在 NHibernate.AdoNet.AbstractBatcher.OnPreparedCommand() 位置 p:\nhibernate-core\src\NHibernate\AdoNet\AbstractBatcher.cs:行号 155
   在 NHibernate.AdoNet.AbstractBatcher.PrepareCommand(CommandType type, SqlString sql, SqlType[] parameterTypes) 位置 p:\nhibernate-core\src\NHibernate\AdoNet\AbstractBatcher.cs:行号 142
   在 NHibernate.AdoNet.AbstractBatcher.PrepareBatchCommand(CommandType type, SqlString sql, SqlType[] parameterTypes) 位置 p:\nhibernate-core\src\NHibernate\AdoNet\AbstractBatcher.cs:行号 132
   在 NHibernate.Persister.Entity.AbstractEntityPersister.Update(Object id, Object[] fields, Object[] oldFields, Object rowId, Boolean[] includeProperty, Int32 j, Object oldVersion, Object obj, SqlCommandInfo sql, ISessionImplementor session) 位置 p:\nhibernate-core\src\NHibernate\Persister\Entity\AbstractEntityPersister.cs:行号 2735
   在 NHibernate.Persister.Entity.AbstractEntityPersister.UpdateOrInsert(Object id, Object[] fields, Object[] oldFields, Object rowId, Boolean[] includeProperty, Int32 j, Object oldVersion, Object obj, SqlCommandInfo sql, ISessionImplementor session) 位置 p:\nhibernate-core\src\NHibernate\Persister\Entity\AbstractEntityPersister.cs:行号 2702
   在 NHibernate.Persister.Entity.AbstractEntityPersister.Update(Object id, Object[] fields, Int32[] dirtyFields, Boolean hasDirtyCollection, Object[] oldFields, Object oldVersion, Object obj, Object rowId, ISessionImplementor session) 位置 p:\nhibernate-core\src\NHibernate\Persister\Entity\AbstractEntityPersister.cs:行号 3010
   在 NHibernate.Action.EntityUpdateAction.Execute() 位置 p:\nhibernate-core\src\NHibernate\Action\EntityUpdateAction.cs:行号 79
   在 NHibernate.Engine.ActionQueue.Execute(IExecutable executable) 位置 p:\nhibernate-core\src\NHibernate\Engine\ActionQueue.cs:行号 136
   在 NHibernate.Engine.ActionQueue.ExecuteActions(IList list) 位置 p:\nhibernate-core\src\NHibernate\Engine\ActionQueue.cs:行号 126
   在 NHibernate.Engine.ActionQueue.ExecuteActions() 位置 p:\nhibernate-core\src\NHibernate\Engine\ActionQueue.cs:行号 170
   在 NHibernate.Event.Default.AbstractFlushingEventListener.PerformExecutions(IEventSource session) 位置 p:\nhibernate-core\src\NHibernate\Event\Default\AbstractFlushingEventListener.cs:行号 241
2016-07-11 17:47:02,884 - ERROR - ProductLevelPower>
System.NullReferenceException: 未将对象引用设置到对象的实例。
   在 ServiceCenter.MES.Service.WIP.WipEngineerService.ProductLevelPower(IVTestData ivtestDescy, Lot lot) 位置 e:\Workspace\Jinergy\JNMMES\trunk\src\ServiceCenter.Modules\WIP\ServiceCenter.MES.Service.WIP\WipEngineerServiceForTrack.cs:行号 2190
2016-07-11 17:47:48,035 - ERROR - Timeout 时间已到。在操作完成之前超时时间已过或服务器未响应。
语句已终止。
2016-07-11 17:47:48,035 - ERROR - 等待的操作过时。
2016-07-11 17:47:48,082 - ERROR - Could not synchronize database state with session
NHibernate.Exceptions.GenericADOException: could not execute batch command.[SQL: SQL not available] ---> System.Data.SqlClient.SqlException: Timeout 时间已到。在操作完成之前超时时间已过或服务器未响应。
语句已终止。 ---> System.ComponentModel.Win32Exception: 等待的操作过时。
   --- 内部异常堆栈跟踪的结尾 ---
   在 System.Data.SqlClient.SqlConnection.OnError(SqlException exception, Boolean breakConnection, Action`1 wrapCloseInAction)
   在 System.Data.SqlClient.SqlInternalConnection.OnError(SqlException exception, Boolean breakConnection, Action`1 wrapCloseInAction)
   在 System.Data.SqlClient.TdsParser.ThrowExceptionAndWarning(TdsParserStateObject stateObj, Boolean callerHasConnectionLock, Boolean asyncClose)
   在 System.Data.SqlClient.TdsParser.TryRun(RunBehavior runBehavior, SqlCommand cmdHandler, SqlDataReader dataStream, BulkCopySimpleResultSet bulkCopyHandler, TdsParserStateObject stateObj, Boolean& dataReady)
   在 System.Data.SqlClient.SqlCommand.FinishExecuteReader(SqlDataReader ds, RunBehavior runBehavior, String resetOptionsString)
   在 System.Data.SqlClient.SqlCommand.RunExecuteReaderTds(CommandBehavior cmdBehavior, RunBehavior runBehavior, Boolean returnStream, Boolean async, Int32 timeout, Task& task, Boolean asyncWrite, SqlDataReader ds, Boolean describeParameterEncryptionRequest)
   在 System.Data.SqlClient.SqlCommand.RunExecuteReader(CommandBehavior cmdBehavior, RunBehavior runBehavior, Boolean returnStream, String method, TaskCompletionSource`1 completion, Int32 timeout, Task& task, Boolean asyncWrite)
   在 System.Data.SqlClient.SqlCommand.InternalExecuteNonQuery(TaskCompletionSource`1 completion, String methodName, Boolean sendToPipe, Int32 timeout, Boolean asyncWrite)
   在 System.Data.SqlClient.SqlCommand.ExecuteNonQuery()
   在 System.Data.SqlClient.SqlCommand.ExecuteBatchRPCCommand()
   在 System.Data.SqlClient.SqlCommandSet.ExecuteNonQuery()
   在 NHibernate.AdoNet.SqlClientSqlCommandSet.ExecuteNonQuery() 位置 p:\nhibernate-core\src\NHibernate\AdoNet\SqlClientSqlCommandSet.cs:行号 117
   在 NHibernate.AdoNet.SqlClientBatchingBatcher.DoExecuteBatch(IDbCommand ps) 位置 p:\nhibernate-core\src\NHibernate\AdoNet\SqlClientBatchingBatcher.cs:行号 87
   --- 内部异常堆栈跟踪的结尾 ---
   在 NHibernate.AdoNet.SqlClientBatchingBatcher.DoExecuteBatch(IDbCommand ps) 位置 p:\nhibernate-core\src\NHibernate\AdoNet\SqlClientBatchingBatcher.cs:行号 91
   在 NHibernate.AdoNet.AbstractBatcher.ExecuteBatchWithTiming(IDbCommand ps) 位置 p:\nhibernate-core\src\NHibernate\AdoNet\AbstractBatcher.cs:行号 412
   在 NHibernate.AdoNet.AbstractBatcher.ExecuteBatch() 位置 p:\nhibernate-core\src\NHibernate\AdoNet\AbstractBatcher.cs:行号 397
   在 NHibernate.AdoNet.AbstractBatcher.OnPreparedCommand() 位置 p:\nhibernate-core\src\NHibernate\AdoNet\AbstractBatcher.cs:行号 155
   在 NHibernate.AdoNet.AbstractBatcher.PrepareCommand(CommandType type, SqlString sql, SqlType[] parameterTypes) 位置 p:\nhibernate-core\src\NHibernate\AdoNet\AbstractBatcher.cs:行号 142
   在 NHibernate.AdoNet.AbstractBatcher.PrepareBatchCommand(CommandType type, SqlString sql, SqlType[] parameterTypes) 位置 p:\nhibernate-core\src\NHibernate\AdoNet\AbstractBatcher.cs:行号 132
   在 NHibernate.Persister.Entity.AbstractEntityPersister.Update(Object id, Object[] fields, Object[] oldFields, Object rowId, Boolean[] includeProperty, Int32 j, Object oldVersion, Object obj, SqlCommandInfo sql, ISessionImplementor session) 位置 p:\nhibernate-core\src\NHibernate\Persister\Entity\AbstractEntityPersister.cs:行号 2735
   在 NHibernate.Persister.Entity.AbstractEntityPersister.UpdateOrInsert(Object id, Object[] fields, Object[] oldFields, Object rowId, Boolean[] includeProperty, Int32 j, Object oldVersion, Object obj, SqlCommandInfo sql, ISessionImplementor session) 位置 p:\nhibernate-core\src\NHibernate\Persister\Entity\AbstractEntityPersister.cs:行号 2702
   在 NHibernate.Persister.Entity.AbstractEntityPersister.Update(Object id, Object[] fields, Int32[] dirtyFields, Boolean hasDirtyCollection, Object[] oldFields, Object oldVersion, Object obj, Object rowId, ISessionImplementor session) 位置 p:\nhibernate-core\src\NHibernate\Persister\Entity\AbstractEntityPersister.cs:行号 3010
   在 NHibernate.Action.EntityUpdateAction.Execute() 位置 p:\nhibernate-core\src\NHibernate\Action\EntityUpdateAction.cs:行号 79
   在 NHibernate.Engine.ActionQueue.Execute(IExecutable executable) 位置 p:\nhibernate-core\src\NHibernate\Engine\ActionQueue.cs:行号 136
   在 NHibernate.Engine.ActionQueue.ExecuteActions(IList list) 位置 p:\nhibernate-core\src\NHibernate\Engine\ActionQueue.cs:行号 126
   在 NHibernate.Engine.ActionQueue.ExecuteActions() 位置 p:\nhibernate-core\src\NHibernate\Engine\ActionQueue.cs:行号 170
   在 NHibernate.Event.Default.AbstractFlushingEventListener.PerformExecutions(IEventSource session) 位置 p:\nhibernate-core\src\NHibernate\Event\Default\AbstractFlushingEventListener.cs:行号 241
2016-07-11 17:48:33,479 - ERROR - ProductLevelPower>
System.NullReferenceException: 未将对象引用设置到对象的实例。
   在 ServiceCenter.MES.Service.WIP.WipEngineerService.ProductLevelPower(IVTestData ivtestDescy, Lot lot) 位置 e:\Workspace\Jinergy\JNMMES\trunk\src\ServiceCenter.Modules\WIP\ServiceCenter.MES.Service.WIP\WipEngineerServiceForTrack.cs:行号 2190
2016-07-11 17:49:16,907 - ERROR - Timeout 时间已到。在操作完成之前超时时间已过或服务器未响应。
语句已终止。
2016-07-11 17:49:16,907 - ERROR - 等待的操作过时。
2016-07-11 17:49:16,954 - ERROR - Could not synchronize database state with session
NHibernate.Exceptions.GenericADOException: could not execute batch command.[SQL: SQL not available] ---> System.Data.SqlClient.SqlException: Timeout 时间已到。在操作完成之前超时时间已过或服务器未响应。
语句已终止。 ---> System.ComponentModel.Win32Exception: 等待的操作过时。
   --- 内部异常堆栈跟踪的结尾 ---
   在 System.Data.SqlClient.SqlConnection.OnError(SqlException exception, Boolean breakConnection, Action`1 wrapCloseInAction)
   在 System.Data.SqlClient.SqlInternalConnection.OnError(SqlException exception, Boolean breakConnection, Action`1 wrapCloseInAction)
   在 System.Data.SqlClient.TdsParser.ThrowExceptionAndWarning(TdsParserStateObject stateObj, Boolean callerHasConnectionLock, Boolean asyncClose)
   在 System.Data.SqlClient.TdsParser.TryRun(RunBehavior runBehavior, SqlCommand cmdHandler, SqlDataReader dataStream, BulkCopySimpleResultSet bulkCopyHandler, TdsParserStateObject stateObj, Boolean& dataReady)
   在 System.Data.SqlClient.SqlCommand.FinishExecuteReader(SqlDataReader ds, RunBehavior runBehavior, String resetOptionsString)
   在 System.Data.SqlClient.SqlCommand.RunExecuteReaderTds(CommandBehavior cmdBehavior, RunBehavior runBehavior, Boolean returnStream, Boolean async, Int32 timeout, Task& task, Boolean asyncWrite, SqlDataReader ds, Boolean describeParameterEncryptionRequest)
   在 System.Data.SqlClient.SqlCommand.RunExecuteReader(CommandBehavior cmdBehavior, RunBehavior runBehavior, Boolean returnStream, String method, TaskCompletionSource`1 completion, Int32 timeout, Task& task, Boolean asyncWrite)
   在 System.Data.SqlClient.SqlCommand.InternalExecuteNonQuery(TaskCompletionSource`1 completion, String methodName, Boolean sendToPipe, Int32 timeout, Boolean asyncWrite)
   在 System.Data.SqlClient.SqlCommand.ExecuteNonQuery()
   在 System.Data.SqlClient.SqlCommand.ExecuteBatchRPCCommand()
   在 System.Data.SqlClient.SqlCommandSet.ExecuteNonQuery()
   在 NHibernate.AdoNet.SqlClientSqlCommandSet.ExecuteNonQuery() 位置 p:\nhibernate-core\src\NHibernate\AdoNet\SqlClientSqlCommandSet.cs:行号 117
   在 NHibernate.AdoNet.SqlClientBatchingBatcher.DoExecuteBatch(IDbCommand ps) 位置 p:\nhibernate-core\src\NHibernate\AdoNet\SqlClientBatchingBatcher.cs:行号 87
   --- 内部异常堆栈跟踪的结尾 ---
   在 NHibernate.AdoNet.SqlClientBatchingBatcher.DoExecuteBatch(IDbCommand ps) 位置 p:\nhibernate-core\src\NHibernate\AdoNet\SqlClientBatchingBatcher.cs:行号 91
   在 NHibernate.AdoNet.AbstractBatcher.ExecuteBatchWithTiming(IDbCommand ps) 位置 p:\nhibernate-core\src\NHibernate\AdoNet\AbstractBatcher.cs:行号 412
   在 NHibernate.AdoNet.AbstractBatcher.ExecuteBatch() 位置 p:\nhibernate-core\src\NHibernate\AdoNet\AbstractBatcher.cs:行号 397
   在 NHibernate.AdoNet.AbstractBatcher.OnPreparedCommand() 位置 p:\nhibernate-core\src\NHibernate\AdoNet\AbstractBatcher.cs:行号 155
   在 NHibernate.AdoNet.AbstractBatcher.PrepareCommand(CommandType type, SqlString sql, SqlType[] parameterTypes) 位置 p:\nhibernate-core\src\NHibernate\AdoNet\AbstractBatcher.cs:行号 142
   在 NHibernate.AdoNet.AbstractBatcher.PrepareBatchCommand(CommandType type, SqlString sql, SqlType[] parameterTypes) 位置 p:\nhibernate-core\src\NHibernate\AdoNet\AbstractBatcher.cs:行号 132
   在 NHibernate.Persister.Entity.AbstractEntityPersister.Update(Object id, Object[] fields, Object[] oldFields, Object rowId, Boolean[] includeProperty, Int32 j, Object oldVersion, Object obj, SqlCommandInfo sql, ISessionImplementor session) 位置 p:\nhibernate-core\src\NHibernate\Persister\Entity\AbstractEntityPersister.cs:行号 2735
   在 NHibernate.Persister.Entity.AbstractEntityPersister.UpdateOrInsert(Object id, Object[] fields, Object[] oldFields, Object rowId, Boolean[] includeProperty, Int32 j, Object oldVersion, Object obj, SqlCommandInfo sql, ISessionImplementor session) 位置 p:\nhibernate-core\src\NHibernate\Persister\Entity\AbstractEntityPersister.cs:行号 2702
   在 NHibernate.Persister.Entity.AbstractEntityPersister.Update(Object id, Object[] fields, Int32[] dirtyFields, Boolean hasDirtyCollection, Object[] oldFields, Object oldVersion, Object obj, Object rowId, ISessionImplementor session) 位置 p:\nhibernate-core\src\NHibernate\Persister\Entity\AbstractEntityPersister.cs:行号 3010
   在 NHibernate.Action.EntityUpdateAction.Execute() 位置 p:\nhibernate-core\src\NHibernate\Action\EntityUpdateAction.cs:行号 79
   在 NHibernate.Engine.ActionQueue.Execute(IExecutable executable) 位置 p:\nhibernate-core\src\NHibernate\Engine\ActionQueue.cs:行号 136
   在 NHibernate.Engine.ActionQueue.ExecuteActions(IList list) 位置 p:\nhibernate-core\src\NHibernate\Engine\ActionQueue.cs:行号 126
   在 NHibernate.Engine.ActionQueue.ExecuteActions() 位置 p:\nhibernate-core\src\NHibernate\Engine\ActionQueue.cs:行号 170
   在 NHibernate.Event.Default.AbstractFlushingEventListener.PerformExecutions(IEventSource session) 位置 p:\nhibernate-core\src\NHibernate\Event\Default\AbstractFlushingEventListener.cs:行号 241
2016-07-11 18:03:34,196 - ERROR - START>Application
2016-07-11 18:11:43,677 - ERROR - Timeout 时间已到。在操作完成之前超时时间已过或服务器未响应。
语句已终止。
2016-07-11 18:11:43,677 - ERROR - 等待的操作过时。
2016-07-11 18:11:43,708 - ERROR - Could not synchronize database state with session
NHibernate.Exceptions.GenericADOException: could not execute batch command.[SQL: SQL not available] ---> System.Data.SqlClient.SqlException: Timeout 时间已到。在操作完成之前超时时间已过或服务器未响应。
语句已终止。 ---> System.ComponentModel.Win32Exception: 等待的操作过时。
   --- 内部异常堆栈跟踪的结尾 ---
   在 System.Data.SqlClient.SqlConnection.OnError(SqlException exception, Boolean breakConnection, Action`1 wrapCloseInAction)
   在 System.Data.SqlClient.SqlInternalConnection.OnError(SqlException exception, Boolean breakConnection, Action`1 wrapCloseInAction)
   在 System.Data.SqlClient.TdsParser.ThrowExceptionAndWarning(TdsParserStateObject stateObj, Boolean callerHasConnectionLock, Boolean asyncClose)
   在 System.Data.SqlClient.TdsParser.TryRun(RunBehavior runBehavior, SqlCommand cmdHandler, SqlDataReader dataStream, BulkCopySimpleResultSet bulkCopyHandler, TdsParserStateObject stateObj, Boolean& dataReady)
   在 System.Data.SqlClient.SqlCommand.FinishExecuteReader(SqlDataReader ds, RunBehavior runBehavior, String resetOptionsString)
   在 System.Data.SqlClient.SqlCommand.RunExecuteReaderTds(CommandBehavior cmdBehavior, RunBehavior runBehavior, Boolean returnStream, Boolean async, Int32 timeout, Task& task, Boolean asyncWrite, SqlDataReader ds, Boolean describeParameterEncryptionRequest)
   在 System.Data.SqlClient.SqlCommand.RunExecuteReader(CommandBehavior cmdBehavior, RunBehavior runBehavior, Boolean returnStream, String method, TaskCompletionSource`1 completion, Int32 timeout, Task& task, Boolean asyncWrite)
   在 System.Data.SqlClient.SqlCommand.InternalExecuteNonQuery(TaskCompletionSource`1 completion, String methodName, Boolean sendToPipe, Int32 timeout, Boolean asyncWrite)
   在 System.Data.SqlClient.SqlCommand.ExecuteNonQuery()
   在 System.Data.SqlClient.SqlCommand.ExecuteBatchRPCCommand()
   在 System.Data.SqlClient.SqlCommandSet.ExecuteNonQuery()
   在 NHibernate.AdoNet.SqlClientSqlCommandSet.ExecuteNonQuery() 位置 p:\nhibernate-core\src\NHibernate\AdoNet\SqlClientSqlCommandSet.cs:行号 117
   在 NHibernate.AdoNet.SqlClientBatchingBatcher.DoExecuteBatch(IDbCommand ps) 位置 p:\nhibernate-core\src\NHibernate\AdoNet\SqlClientBatchingBatcher.cs:行号 87
   --- 内部异常堆栈跟踪的结尾 ---
   在 NHibernate.AdoNet.SqlClientBatchingBatcher.DoExecuteBatch(IDbCommand ps) 位置 p:\nhibernate-core\src\NHibernate\AdoNet\SqlClientBatchingBatcher.cs:行号 91
   在 NHibernate.AdoNet.AbstractBatcher.ExecuteBatchWithTiming(IDbCommand ps) 位置 p:\nhibernate-core\src\NHibernate\AdoNet\AbstractBatcher.cs:行号 412
   在 NHibernate.AdoNet.AbstractBatcher.ExecuteBatch() 位置 p:\nhibernate-core\src\NHibernate\AdoNet\AbstractBatcher.cs:行号 397
   在 NHibernate.AdoNet.AbstractBatcher.OnPreparedCommand() 位置 p:\nhibernate-core\src\NHibernate\AdoNet\AbstractBatcher.cs:行号 155
   在 NHibernate.AdoNet.AbstractBatcher.PrepareCommand(CommandType type, SqlString sql, SqlType[] parameterTypes) 位置 p:\nhibernate-core\src\NHibernate\AdoNet\AbstractBatcher.cs:行号 142
   在 NHibernate.AdoNet.AbstractBatcher.PrepareBatchCommand(CommandType type, SqlString sql, SqlType[] parameterTypes) 位置 p:\nhibernate-core\src\NHibernate\AdoNet\AbstractBatcher.cs:行号 132
   在 NHibernate.Persister.Entity.AbstractEntityPersister.Update(Object id, Object[] fields, Object[] oldFields, Object rowId, Boolean[] includeProperty, Int32 j, Object oldVersion, Object obj, SqlCommandInfo sql, ISessionImplementor session) 位置 p:\nhibernate-core\src\NHibernate\Persister\Entity\AbstractEntityPersister.cs:行号 2735
   在 NHibernate.Persister.Entity.AbstractEntityPersister.UpdateOrInsert(Object id, Object[] fields, Object[] oldFields, Object rowId, Boolean[] includeProperty, Int32 j, Object oldVersion, Object obj, SqlCommandInfo sql, ISessionImplementor session) 位置 p:\nhibernate-core\src\NHibernate\Persister\Entity\AbstractEntityPersister.cs:行号 2702
   在 NHibernate.Persister.Entity.AbstractEntityPersister.Update(Object id, Object[] fields, Int32[] dirtyFields, Boolean hasDirtyCollection, Object[] oldFields, Object oldVersion, Object obj, Object rowId, ISessionImplementor session) 位置 p:\nhibernate-core\src\NHibernate\Persister\Entity\AbstractEntityPersister.cs:行号 3010
   在 NHibernate.Action.EntityUpdateAction.Execute() 位置 p:\nhibernate-core\src\NHibernate\Action\EntityUpdateAction.cs:行号 79
   在 NHibernate.Engine.ActionQueue.Execute(IExecutable executable) 位置 p:\nhibernate-core\src\NHibernate\Engine\ActionQueue.cs:行号 136
   在 NHibernate.Engine.ActionQueue.ExecuteActions(IList list) 位置 p:\nhibernate-core\src\NHibernate\Engine\ActionQueue.cs:行号 126
   在 NHibernate.Engine.ActionQueue.ExecuteActions() 位置 p:\nhibernate-core\src\NHibernate\Engine\ActionQueue.cs:行号 170
   在 NHibernate.Event.Default.AbstractFlushingEventListener.PerformExecutions(IEventSource session) 位置 p:\nhibernate-core\src\NHibernate\Event\Default\AbstractFlushingEventListener.cs:行号 241
2016-07-11 18:42:14,377 - ERROR - START>Application
2016-07-11 18:50:20,784 - ERROR - START>Application
2016-07-11 20:21:40,829 - ERROR - START>Application
