2016-08-02 08:45:19,389 - ERROR - START>Application
2016-08-02 08:51:36,402 - ERROR - START>Application
2016-08-02 09:09:43,341 - ERROR - START>Application
2016-08-02 09:16:16,833 - ERROR - START>Application
2016-08-02 12:00:13,743 - ERROR - START>Application
2016-08-02 12:07:24,556 - ERROR - START>Application
2016-08-02 14:06:45,472 - ERROR - START>Application
2016-08-02 14:07:22,958 - ERROR - START>Application
2016-08-02 19:11:26,402 - ERROR - DELETE 语句与 REFERENCE 约束"FK_FMM_EQUIPMENT_CHANGE_STATE_FMM_EQUIPMENT_STATE_FROM"冲突。该冲突发生于数据库"JNMES"，表"dbo.FMM_EQUIPMENT_CHANGE_STATE", column 'EQUIPMENT_FROM_STATE_NAME'。
语句已终止。
2016-08-02 19:11:26,445 - ERROR - Could not synchronize database state with session
NHibernate.Exceptions.GenericADOException: could not execute batch command.[SQL: SQL not available] ---> System.Data.SqlClient.SqlException: DELETE 语句与 REFERENCE 约束"FK_FMM_EQUIPMENT_CHANGE_STATE_FMM_EQUIPMENT_STATE_FROM"冲突。该冲突发生于数据库"JNMES"，表"dbo.FMM_EQUIPMENT_CHANGE_STATE", column 'EQUIPMENT_FROM_STATE_NAME'。
语句已终止。
   在 System.Data.SqlClient.SqlConnection.OnError(SqlException exception, Boolean breakConnection, Action`1 wrapCloseInAction)
   在 System.Data.SqlClient.SqlInternalConnection.OnError(SqlException exception, Boolean breakConnection, Action`1 wrapCloseInAction)
   在 System.Data.SqlClient.TdsParser.ThrowExceptionAndWarning(TdsParserStateObject stateObj, Boolean callerHasConnectionLock, Boolean asyncClose)
   在 System.Data.SqlClient.TdsParser.TryRun(RunBehavior runBehavior, SqlCommand cmdHandler, SqlDataReader dataStream, BulkCopySimpleResultSet bulkCopyHandler, TdsParserStateObject stateObj, Boolean& dataReady)
   在 System.Data.SqlClient.SqlCommand.FinishExecuteReader(SqlDataReader ds, RunBehavior runBehavior, String resetOptionsString)
   在 System.Data.SqlClient.SqlCommand.RunExecuteReaderTds(CommandBehavior cmdBehavior, RunBehavior runBehavior, Boolean returnStream, Boolean async, Int32 timeout, Task& task, Boolean asyncWrite, SqlDataReader ds, Boolean describeParameterEncryptionRequest)
   在 System.Data.SqlClient.SqlCommand.RunExecuteReader(CommandBehavior cmdBehavior, RunBehavior runBehavior, Boolean returnStream, String method, TaskCompletionSource`1 completion, Int32 timeout, Task& task, Boolean asyncWrite)
   在 System.Data.SqlClient.SqlCommand.InternalExecuteNonQuery(TaskCompletionSource`1 completion, String methodName, Boolean sendToPipe, Int32 timeout, Boolean asyncWrite)
   在 System.Data.SqlClient.SqlCommand.ExecuteNonQuery()
   在 System.Data.SqlClient.SqlCommand.ExecuteBatchRPCCommand()
   在 System.Data.SqlClient.SqlCommandSet.ExecuteNonQuery()
   在 NHibernate.AdoNet.SqlClientSqlCommandSet.ExecuteNonQuery() 位置 p:\nhibernate-core\src\NHibernate\AdoNet\SqlClientSqlCommandSet.cs:行号 117
   在 NHibernate.AdoNet.SqlClientBatchingBatcher.DoExecuteBatch(IDbCommand ps) 位置 p:\nhibernate-core\src\NHibernate\AdoNet\SqlClientBatchingBatcher.cs:行号 87
   --- 内部异常堆栈跟踪的结尾 ---
   在 NHibernate.AdoNet.SqlClientBatchingBatcher.DoExecuteBatch(IDbCommand ps) 位置 p:\nhibernate-core\src\NHibernate\AdoNet\SqlClientBatchingBatcher.cs:行号 91
   在 NHibernate.AdoNet.AbstractBatcher.ExecuteBatchWithTiming(IDbCommand ps) 位置 p:\nhibernate-core\src\NHibernate\AdoNet\AbstractBatcher.cs:行号 412
   在 NHibernate.AdoNet.AbstractBatcher.ExecuteBatch() 位置 p:\nhibernate-core\src\NHibernate\AdoNet\AbstractBatcher.cs:行号 397
   在 NHibernate.Engine.ActionQueue.ExecuteActions(IList list) 位置 p:\nhibernate-core\src\NHibernate\Engine\ActionQueue.cs:行号 129
   在 NHibernate.Engine.ActionQueue.ExecuteActions() 位置 p:\nhibernate-core\src\NHibernate\Engine\ActionQueue.cs:行号 174
   在 NHibernate.Event.Default.AbstractFlushingEventListener.PerformExecutions(IEventSource session) 位置 p:\nhibernate-core\src\NHibernate\Event\Default\AbstractFlushingEventListener.cs:行号 241
2016-08-02 19:12:18,671 - ERROR - DELETE 语句与 REFERENCE 约束"FK_FMM_EQUIPMENT_FMM_EQUIPMENT_STATE"冲突。该冲突发生于数据库"JNMES"，表"dbo.FMM_EQUIPMENT", column 'EQUIPMENT_STATE_NAME'。
语句已终止。
2016-08-02 19:12:18,705 - ERROR - Could not synchronize database state with session
NHibernate.Exceptions.GenericADOException: could not execute batch command.[SQL: SQL not available] ---> System.Data.SqlClient.SqlException: DELETE 语句与 REFERENCE 约束"FK_FMM_EQUIPMENT_FMM_EQUIPMENT_STATE"冲突。该冲突发生于数据库"JNMES"，表"dbo.FMM_EQUIPMENT", column 'EQUIPMENT_STATE_NAME'。
语句已终止。
   在 System.Data.SqlClient.SqlConnection.OnError(SqlException exception, Boolean breakConnection, Action`1 wrapCloseInAction)
   在 System.Data.SqlClient.SqlInternalConnection.OnError(SqlException exception, Boolean breakConnection, Action`1 wrapCloseInAction)
   在 System.Data.SqlClient.TdsParser.ThrowExceptionAndWarning(TdsParserStateObject stateObj, Boolean callerHasConnectionLock, Boolean asyncClose)
   在 System.Data.SqlClient.TdsParser.TryRun(RunBehavior runBehavior, SqlCommand cmdHandler, SqlDataReader dataStream, BulkCopySimpleResultSet bulkCopyHandler, TdsParserStateObject stateObj, Boolean& dataReady)
   在 System.Data.SqlClient.SqlCommand.FinishExecuteReader(SqlDataReader ds, RunBehavior runBehavior, String resetOptionsString)
   在 System.Data.SqlClient.SqlCommand.RunExecuteReaderTds(CommandBehavior cmdBehavior, RunBehavior runBehavior, Boolean returnStream, Boolean async, Int32 timeout, Task& task, Boolean asyncWrite, SqlDataReader ds, Boolean describeParameterEncryptionRequest)
   在 System.Data.SqlClient.SqlCommand.RunExecuteReader(CommandBehavior cmdBehavior, RunBehavior runBehavior, Boolean returnStream, String method, TaskCompletionSource`1 completion, Int32 timeout, Task& task, Boolean asyncWrite)
   在 System.Data.SqlClient.SqlCommand.InternalExecuteNonQuery(TaskCompletionSource`1 completion, String methodName, Boolean sendToPipe, Int32 timeout, Boolean asyncWrite)
   在 System.Data.SqlClient.SqlCommand.ExecuteNonQuery()
   在 System.Data.SqlClient.SqlCommand.ExecuteBatchRPCCommand()
   在 System.Data.SqlClient.SqlCommandSet.ExecuteNonQuery()
   在 NHibernate.AdoNet.SqlClientSqlCommandSet.ExecuteNonQuery() 位置 p:\nhibernate-core\src\NHibernate\AdoNet\SqlClientSqlCommandSet.cs:行号 117
   在 NHibernate.AdoNet.SqlClientBatchingBatcher.DoExecuteBatch(IDbCommand ps) 位置 p:\nhibernate-core\src\NHibernate\AdoNet\SqlClientBatchingBatcher.cs:行号 87
   --- 内部异常堆栈跟踪的结尾 ---
   在 NHibernate.AdoNet.SqlClientBatchingBatcher.DoExecuteBatch(IDbCommand ps) 位置 p:\nhibernate-core\src\NHibernate\AdoNet\SqlClientBatchingBatcher.cs:行号 91
   在 NHibernate.AdoNet.AbstractBatcher.ExecuteBatchWithTiming(IDbCommand ps) 位置 p:\nhibernate-core\src\NHibernate\AdoNet\AbstractBatcher.cs:行号 412
   在 NHibernate.AdoNet.AbstractBatcher.ExecuteBatch() 位置 p:\nhibernate-core\src\NHibernate\AdoNet\AbstractBatcher.cs:行号 397
   在 NHibernate.Engine.ActionQueue.ExecuteActions(IList list) 位置 p:\nhibernate-core\src\NHibernate\Engine\ActionQueue.cs:行号 129
   在 NHibernate.Engine.ActionQueue.ExecuteActions() 位置 p:\nhibernate-core\src\NHibernate\Engine\ActionQueue.cs:行号 174
   在 NHibernate.Event.Default.AbstractFlushingEventListener.PerformExecutions(IEventSource session) 位置 p:\nhibernate-core\src\NHibernate\Event\Default\AbstractFlushingEventListener.cs:行号 241
2016-08-02 19:12:30,998 - ERROR - DELETE 语句与 REFERENCE 约束"FK_FMM_EQUIPMENT_FMM_EQUIPMENT_STATE"冲突。该冲突发生于数据库"JNMES"，表"dbo.FMM_EQUIPMENT", column 'EQUIPMENT_STATE_NAME'。
语句已终止。
2016-08-02 19:12:31,035 - ERROR - Could not synchronize database state with session
NHibernate.Exceptions.GenericADOException: could not execute batch command.[SQL: SQL not available] ---> System.Data.SqlClient.SqlException: DELETE 语句与 REFERENCE 约束"FK_FMM_EQUIPMENT_FMM_EQUIPMENT_STATE"冲突。该冲突发生于数据库"JNMES"，表"dbo.FMM_EQUIPMENT", column 'EQUIPMENT_STATE_NAME'。
语句已终止。
   在 System.Data.SqlClient.SqlConnection.OnError(SqlException exception, Boolean breakConnection, Action`1 wrapCloseInAction)
   在 System.Data.SqlClient.SqlInternalConnection.OnError(SqlException exception, Boolean breakConnection, Action`1 wrapCloseInAction)
   在 System.Data.SqlClient.TdsParser.ThrowExceptionAndWarning(TdsParserStateObject stateObj, Boolean callerHasConnectionLock, Boolean asyncClose)
   在 System.Data.SqlClient.TdsParser.TryRun(RunBehavior runBehavior, SqlCommand cmdHandler, SqlDataReader dataStream, BulkCopySimpleResultSet bulkCopyHandler, TdsParserStateObject stateObj, Boolean& dataReady)
   在 System.Data.SqlClient.SqlCommand.FinishExecuteReader(SqlDataReader ds, RunBehavior runBehavior, String resetOptionsString)
   在 System.Data.SqlClient.SqlCommand.RunExecuteReaderTds(CommandBehavior cmdBehavior, RunBehavior runBehavior, Boolean returnStream, Boolean async, Int32 timeout, Task& task, Boolean asyncWrite, SqlDataReader ds, Boolean describeParameterEncryptionRequest)
   在 System.Data.SqlClient.SqlCommand.RunExecuteReader(CommandBehavior cmdBehavior, RunBehavior runBehavior, Boolean returnStream, String method, TaskCompletionSource`1 completion, Int32 timeout, Task& task, Boolean asyncWrite)
   在 System.Data.SqlClient.SqlCommand.InternalExecuteNonQuery(TaskCompletionSource`1 completion, String methodName, Boolean sendToPipe, Int32 timeout, Boolean asyncWrite)
   在 System.Data.SqlClient.SqlCommand.ExecuteNonQuery()
   在 System.Data.SqlClient.SqlCommand.ExecuteBatchRPCCommand()
   在 System.Data.SqlClient.SqlCommandSet.ExecuteNonQuery()
   在 NHibernate.AdoNet.SqlClientSqlCommandSet.ExecuteNonQuery() 位置 p:\nhibernate-core\src\NHibernate\AdoNet\SqlClientSqlCommandSet.cs:行号 117
   在 NHibernate.AdoNet.SqlClientBatchingBatcher.DoExecuteBatch(IDbCommand ps) 位置 p:\nhibernate-core\src\NHibernate\AdoNet\SqlClientBatchingBatcher.cs:行号 87
   --- 内部异常堆栈跟踪的结尾 ---
   在 NHibernate.AdoNet.SqlClientBatchingBatcher.DoExecuteBatch(IDbCommand ps) 位置 p:\nhibernate-core\src\NHibernate\AdoNet\SqlClientBatchingBatcher.cs:行号 91
   在 NHibernate.AdoNet.AbstractBatcher.ExecuteBatchWithTiming(IDbCommand ps) 位置 p:\nhibernate-core\src\NHibernate\AdoNet\AbstractBatcher.cs:行号 412
   在 NHibernate.AdoNet.AbstractBatcher.ExecuteBatch() 位置 p:\nhibernate-core\src\NHibernate\AdoNet\AbstractBatcher.cs:行号 397
   在 NHibernate.Engine.ActionQueue.ExecuteActions(IList list) 位置 p:\nhibernate-core\src\NHibernate\Engine\ActionQueue.cs:行号 129
   在 NHibernate.Engine.ActionQueue.ExecuteActions() 位置 p:\nhibernate-core\src\NHibernate\Engine\ActionQueue.cs:行号 174
   在 NHibernate.Event.Default.AbstractFlushingEventListener.PerformExecutions(IEventSource session) 位置 p:\nhibernate-core\src\NHibernate\Event\Default\AbstractFlushingEventListener.cs:行号 241
2016-08-02 19:20:27,681 - ERROR - START>Application
2016-08-02 19:37:09,336 - ERROR - START>Application
2016-08-02 19:38:31,870 - ERROR - DELETE 语句与 REFERENCE 约束"FK_FMM_EQUIPMENT_FMM_EQUIPMENT_STATE"冲突。该冲突发生于数据库"JNMES"，表"dbo.FMM_EQUIPMENT", column 'EQUIPMENT_STATE_NAME'。
语句已终止。
2016-08-02 19:38:31,901 - ERROR - Could not synchronize database state with session
NHibernate.Exceptions.GenericADOException: could not execute batch command.[SQL: SQL not available] ---> System.Data.SqlClient.SqlException: DELETE 语句与 REFERENCE 约束"FK_FMM_EQUIPMENT_FMM_EQUIPMENT_STATE"冲突。该冲突发生于数据库"JNMES"，表"dbo.FMM_EQUIPMENT", column 'EQUIPMENT_STATE_NAME'。
语句已终止。
   在 System.Data.SqlClient.SqlConnection.OnError(SqlException exception, Boolean breakConnection, Action`1 wrapCloseInAction)
   在 System.Data.SqlClient.SqlInternalConnection.OnError(SqlException exception, Boolean breakConnection, Action`1 wrapCloseInAction)
   在 System.Data.SqlClient.TdsParser.ThrowExceptionAndWarning(TdsParserStateObject stateObj, Boolean callerHasConnectionLock, Boolean asyncClose)
   在 System.Data.SqlClient.TdsParser.TryRun(RunBehavior runBehavior, SqlCommand cmdHandler, SqlDataReader dataStream, BulkCopySimpleResultSet bulkCopyHandler, TdsParserStateObject stateObj, Boolean& dataReady)
   在 System.Data.SqlClient.SqlCommand.FinishExecuteReader(SqlDataReader ds, RunBehavior runBehavior, String resetOptionsString)
   在 System.Data.SqlClient.SqlCommand.RunExecuteReaderTds(CommandBehavior cmdBehavior, RunBehavior runBehavior, Boolean returnStream, Boolean async, Int32 timeout, Task& task, Boolean asyncWrite, SqlDataReader ds, Boolean describeParameterEncryptionRequest)
   在 System.Data.SqlClient.SqlCommand.RunExecuteReader(CommandBehavior cmdBehavior, RunBehavior runBehavior, Boolean returnStream, String method, TaskCompletionSource`1 completion, Int32 timeout, Task& task, Boolean asyncWrite)
   在 System.Data.SqlClient.SqlCommand.InternalExecuteNonQuery(TaskCompletionSource`1 completion, String methodName, Boolean sendToPipe, Int32 timeout, Boolean asyncWrite)
   在 System.Data.SqlClient.SqlCommand.ExecuteNonQuery()
   在 System.Data.SqlClient.SqlCommand.ExecuteBatchRPCCommand()
   在 System.Data.SqlClient.SqlCommandSet.ExecuteNonQuery()
   在 NHibernate.AdoNet.SqlClientSqlCommandSet.ExecuteNonQuery() 位置 p:\nhibernate-core\src\NHibernate\AdoNet\SqlClientSqlCommandSet.cs:行号 117
   在 NHibernate.AdoNet.SqlClientBatchingBatcher.DoExecuteBatch(IDbCommand ps) 位置 p:\nhibernate-core\src\NHibernate\AdoNet\SqlClientBatchingBatcher.cs:行号 87
   --- 内部异常堆栈跟踪的结尾 ---
   在 NHibernate.AdoNet.SqlClientBatchingBatcher.DoExecuteBatch(IDbCommand ps) 位置 p:\nhibernate-core\src\NHibernate\AdoNet\SqlClientBatchingBatcher.cs:行号 91
   在 NHibernate.AdoNet.AbstractBatcher.ExecuteBatchWithTiming(IDbCommand ps) 位置 p:\nhibernate-core\src\NHibernate\AdoNet\AbstractBatcher.cs:行号 412
   在 NHibernate.AdoNet.AbstractBatcher.ExecuteBatch() 位置 p:\nhibernate-core\src\NHibernate\AdoNet\AbstractBatcher.cs:行号 397
   在 NHibernate.Engine.ActionQueue.ExecuteActions(IList list) 位置 p:\nhibernate-core\src\NHibernate\Engine\ActionQueue.cs:行号 129
   在 NHibernate.Engine.ActionQueue.ExecuteActions() 位置 p:\nhibernate-core\src\NHibernate\Engine\ActionQueue.cs:行号 174
   在 NHibernate.Event.Default.AbstractFlushingEventListener.PerformExecutions(IEventSource session) 位置 p:\nhibernate-core\src\NHibernate\Event\Default\AbstractFlushingEventListener.cs:行号 241
