2016-06-27 08:39:53,641 - ERROR - START>Application
2016-06-27 12:15:46,762 - ERROR - START>Application
2016-06-27 12:57:24,089 - ERROR - START>Application
2016-06-27 13:24:34,267 - ERROR - START>Application
2016-06-27 15:19:02,410 - ERROR - START>Application
2016-06-27 15:24:06,155 - ERROR - START>Application
2016-06-27 15:30:24,306 - ERROR - START>Application
2016-06-27 15:33:38,504 - ERROR - START>Application
2016-06-27 15:42:08,182 - ERROR - START>Application
2016-06-27 15:51:09,821 - ERROR - START>Application
2016-06-27 15:58:40,543 - ERROR - START>Application
2016-06-27 16:04:44,285 - ERROR - START>Application
2016-06-27 16:08:44,480 - ERROR - START>Application
2016-06-27 16:11:18,919 - ERROR - START>Application
2016-06-27 16:11:48,972 - ERROR - START>Application
2016-06-27 16:21:05,783 - ERROR - START>Application
2016-06-27 16:25:11,657 - ERROR - START>Application
2016-06-27 16:36:10,466 - ERROR - START>Application
2016-06-27 17:11:17,194 - ERROR - START>Application
2016-06-27 17:14:35,602 - ERROR - START>Application
2016-06-27 17:20:29,081 - ERROR - START>Application
2016-06-27 17:38:39,507 - ERROR - START>Application
2016-06-27 17:46:41,225 - ERROR - START>Application
2016-06-27 17:51:29,643 - ERROR - START>Application
2016-06-27 17:53:06,086 - ERROR - 不能将值 NULL 插入列 'ORG_ORDER_NUMBER'，表 'JNMES.dbo.WIP_TRANSACTION_LOT'；列不允许有 Null 值。INSERT 失败。
语句已终止。
2016-06-27 17:53:06,131 - ERROR - Could not synchronize database state with session
NHibernate.Exceptions.GenericADOException: could not execute batch command.[SQL: SQL not available] ---> System.Data.SqlClient.SqlException: 不能将值 NULL 插入列 'ORG_ORDER_NUMBER'，表 'JNMES.dbo.WIP_TRANSACTION_LOT'；列不允许有 Null 值。INSERT 失败。
语句已终止。
   在 System.Data.SqlClient.SqlConnection.OnError(SqlException exception, Boolean breakConnection, Action`1 wrapCloseInAction)
   在 System.Data.SqlClient.SqlInternalConnection.OnError(SqlException exception, Boolean breakConnection, Action`1 wrapCloseInAction)
   在 System.Data.SqlClient.TdsParser.ThrowExceptionAndWarning(TdsParserStateObject stateObj, Boolean callerHasConnectionLock, Boolean asyncClose)
   在 System.Data.SqlClient.TdsParser.TryRun(RunBehavior runBehavior, SqlCommand cmdHandler, SqlDataReader dataStream, BulkCopySimpleResultSet bulkCopyHandler, TdsParserStateObject stateObj, Boolean& dataReady)
   在 System.Data.SqlClient.SqlCommand.FinishExecuteReader(SqlDataReader ds, RunBehavior runBehavior, String resetOptionsString)
   在 System.Data.SqlClient.SqlCommand.RunExecuteReaderTds(CommandBehavior cmdBehavior, RunBehavior runBehavior, Boolean returnStream, Boolean async, Int32 timeout, Task& task, Boolean asyncWrite, SqlDataReader ds, Boolean describeParameterEncryptionRequest)
   在 System.Data.SqlClient.SqlCommand.RunExecuteReader(CommandBehavior cmdBehavior, RunBehavior runBehavior, Boolean returnStream, String method, TaskCompletionSource`1 completion, Int32 timeout, Task& task, Boolean asyncWrite)
   在 System.Data.SqlClient.SqlCommand.InternalExecuteNonQuery(TaskCompletionSource`1 completion, String methodName, Boolean sendToPipe, Int32 timeout, Boolean asyncWrite)
   在 System.Data.SqlClient.SqlCommand.ExecuteNonQuery()
   在 System.Data.SqlClient.SqlCommand.ExecuteBatchRPCCommand()
   在 System.Data.SqlClient.SqlCommandSet.ExecuteNonQuery()
   在 NHibernate.AdoNet.SqlClientSqlCommandSet.ExecuteNonQuery() 位置 p:\nhibernate-core\src\NHibernate\AdoNet\SqlClientSqlCommandSet.cs:行号 117
   在 NHibernate.AdoNet.SqlClientBatchingBatcher.DoExecuteBatch(IDbCommand ps) 位置 p:\nhibernate-core\src\NHibernate\AdoNet\SqlClientBatchingBatcher.cs:行号 87
   --- 内部异常堆栈跟踪的结尾 ---
   在 NHibernate.AdoNet.SqlClientBatchingBatcher.DoExecuteBatch(IDbCommand ps) 位置 p:\nhibernate-core\src\NHibernate\AdoNet\SqlClientBatchingBatcher.cs:行号 91
   在 NHibernate.AdoNet.AbstractBatcher.ExecuteBatchWithTiming(IDbCommand ps) 位置 p:\nhibernate-core\src\NHibernate\AdoNet\AbstractBatcher.cs:行号 412
   在 NHibernate.AdoNet.AbstractBatcher.ExecuteBatch() 位置 p:\nhibernate-core\src\NHibernate\AdoNet\AbstractBatcher.cs:行号 397
   在 NHibernate.Engine.ActionQueue.ExecuteActions(IList list) 位置 p:\nhibernate-core\src\NHibernate\Engine\ActionQueue.cs:行号 129
   在 NHibernate.Engine.ActionQueue.ExecuteActions() 位置 p:\nhibernate-core\src\NHibernate\Engine\ActionQueue.cs:行号 169
   在 NHibernate.Event.Default.AbstractFlushingEventListener.PerformExecutions(IEventSource session) 位置 p:\nhibernate-core\src\NHibernate\Event\Default\AbstractFlushingEventListener.cs:行号 241
2016-06-27 17:55:23,646 - ERROR - START>Application
2016-06-27 18:04:03,638 - ERROR - START>Application
2016-06-27 18:14:29,294 - ERROR - START>Application
2016-06-27 21:58:36,993 - ERROR - START>Application
