2017-02-06 13:52:09,462 - ERROR - START>Application
2017-02-06 16:11:31,633 - ERROR - START>Application
2017-02-06 16:12:59,026 - ERROR - START>Application
2017-02-06 16:16:45,144 - ERROR - START>Application
2017-02-06 16:45:41,646 - ERROR - START>Application
2017-02-06 16:49:27,047 - ERROR - START>Application
2017-02-06 16:56:06,424 - ERROR - START>Application
2017-02-06 17:07:55,664 - ERROR - INSERT 语句与 FOREIGN KEY 约束"FK_FMM_MATERIAL_FMM_MATERIAL_TYPE"冲突。该冲突发生于数据库"JNMES"，表"dbo.FMM_MATERIAL_TYPE", column 'MATERIAL_TYPE'。
语句已终止。
2017-02-06 17:07:55,795 - ERROR - Could not synchronize database state with session
NHibernate.Exceptions.GenericADOException: could not execute batch command.[SQL: SQL not available] ---> System.Data.SqlClient.SqlException: INSERT 语句与 FOREIGN KEY 约束"FK_FMM_MATERIAL_FMM_MATERIAL_TYPE"冲突。该冲突发生于数据库"JNMES"，表"dbo.FMM_MATERIAL_TYPE", column 'MATERIAL_TYPE'。
语句已终止。
   在 System.Data.SqlClient.SqlConnection.OnError(SqlException exception, Boolean breakConnection, Action`1 wrapCloseInAction)
   在 System.Data.SqlClient.TdsParser.ThrowExceptionAndWarning(TdsParserStateObject stateObj, Boolean callerHasConnectionLock, Boolean asyncClose)
   在 System.Data.SqlClient.TdsParser.TryRun(RunBehavior runBehavior, SqlCommand cmdHandler, SqlDataReader dataStream, BulkCopySimpleResultSet bulkCopyHandler, TdsParserStateObject stateObj, Boolean& dataReady)
   在 System.Data.SqlClient.SqlCommand.FinishExecuteReader(SqlDataReader ds, RunBehavior runBehavior, String resetOptionsString)
   在 System.Data.SqlClient.SqlCommand.RunExecuteReaderTds(CommandBehavior cmdBehavior, RunBehavior runBehavior, Boolean returnStream, Boolean async, Int32 timeout, Task& task, Boolean asyncWrite, SqlDataReader ds, Boolean describeParameterEncryptionRequest)
   在 System.Data.SqlClient.SqlCommand.RunExecuteReader(CommandBehavior cmdBehavior, RunBehavior runBehavior, Boolean returnStream, String method, TaskCompletionSource`1 completion, Int32 timeout, Task& task, Boolean asyncWrite)
   在 System.Data.SqlClient.SqlCommand.InternalExecuteNonQuery(TaskCompletionSource`1 completion, String methodName, Boolean sendToPipe, Int32 timeout, Boolean asyncWrite)
   在 System.Data.SqlClient.SqlCommand.ExecuteNonQuery()
   在 System.Data.SqlClient.SqlCommandSet.ExecuteNonQuery()
   在 NHibernate.AdoNet.SqlClientSqlCommandSet.ExecuteNonQuery() 位置 p:\nhibernate-core\src\NHibernate\AdoNet\SqlClientSqlCommandSet.cs:行号 117
   在 NHibernate.AdoNet.SqlClientBatchingBatcher.DoExecuteBatch(IDbCommand ps) 位置 p:\nhibernate-core\src\NHibernate\AdoNet\SqlClientBatchingBatcher.cs:行号 87
   --- 内部异常堆栈跟踪的结尾 ---
   在 NHibernate.AdoNet.SqlClientBatchingBatcher.DoExecuteBatch(IDbCommand ps) 位置 p:\nhibernate-core\src\NHibernate\AdoNet\SqlClientBatchingBatcher.cs:行号 91
   在 NHibernate.AdoNet.AbstractBatcher.ExecuteBatchWithTiming(IDbCommand ps) 位置 p:\nhibernate-core\src\NHibernate\AdoNet\AbstractBatcher.cs:行号 413
   在 NHibernate.AdoNet.SqlClientBatchingBatcher.AddToBatch(IExpectation expectation) 位置 p:\nhibernate-core\src\NHibernate\AdoNet\SqlClientBatchingBatcher.cs:行号 71
   在 NHibernate.Persister.Entity.AbstractEntityPersister.Insert(Object id, Object[] fields, Boolean[] notNull, Int32 j, SqlCommandInfo sql, Object obj, ISessionImplementor session) 位置 p:\nhibernate-core\src\NHibernate\Persister\Entity\AbstractEntityPersister.cs:行号 2656
   在 NHibernate.Persister.Entity.AbstractEntityPersister.Insert(Object id, Object[] fields, Object obj, ISessionImplementor session) 位置 p:\nhibernate-core\src\NHibernate\Persister\Entity\AbstractEntityPersister.cs:行号 3060
   在 NHibernate.Action.EntityInsertAction.Execute() 位置 p:\nhibernate-core\src\NHibernate\Action\EntityInsertAction.cs:行号 61
   在 NHibernate.Engine.ActionQueue.Execute(IExecutable executable) 位置 p:\nhibernate-core\src\NHibernate\Engine\ActionQueue.cs:行号 136
   在 NHibernate.Engine.ActionQueue.ExecuteActions(IList list) 位置 p:\nhibernate-core\src\NHibernate\Engine\ActionQueue.cs:行号 125
   在 NHibernate.Engine.ActionQueue.ExecuteActions() 位置 p:\nhibernate-core\src\NHibernate\Engine\ActionQueue.cs:行号 170
   在 NHibernate.Event.Default.AbstractFlushingEventListener.PerformExecutions(IEventSource session) 位置 p:\nhibernate-core\src\NHibernate\Event\Default\AbstractFlushingEventListener.cs:行号 241
2017-02-06 17:12:07,373 - ERROR - INSERT 语句与 FOREIGN KEY 约束"FK_FMM_MATERIAL_FMM_MATERIAL_TYPE"冲突。该冲突发生于数据库"JNMES"，表"dbo.FMM_MATERIAL_TYPE", column 'MATERIAL_TYPE'。
语句已终止。
2017-02-06 17:12:07,509 - ERROR - Could not synchronize database state with session
NHibernate.Exceptions.GenericADOException: could not execute batch command.[SQL: SQL not available] ---> System.Data.SqlClient.SqlException: INSERT 语句与 FOREIGN KEY 约束"FK_FMM_MATERIAL_FMM_MATERIAL_TYPE"冲突。该冲突发生于数据库"JNMES"，表"dbo.FMM_MATERIAL_TYPE", column 'MATERIAL_TYPE'。
语句已终止。
   在 System.Data.SqlClient.SqlConnection.OnError(SqlException exception, Boolean breakConnection, Action`1 wrapCloseInAction)
   在 System.Data.SqlClient.TdsParser.ThrowExceptionAndWarning(TdsParserStateObject stateObj, Boolean callerHasConnectionLock, Boolean asyncClose)
   在 System.Data.SqlClient.TdsParser.TryRun(RunBehavior runBehavior, SqlCommand cmdHandler, SqlDataReader dataStream, BulkCopySimpleResultSet bulkCopyHandler, TdsParserStateObject stateObj, Boolean& dataReady)
   在 System.Data.SqlClient.SqlCommand.FinishExecuteReader(SqlDataReader ds, RunBehavior runBehavior, String resetOptionsString)
   在 System.Data.SqlClient.SqlCommand.RunExecuteReaderTds(CommandBehavior cmdBehavior, RunBehavior runBehavior, Boolean returnStream, Boolean async, Int32 timeout, Task& task, Boolean asyncWrite, SqlDataReader ds, Boolean describeParameterEncryptionRequest)
   在 System.Data.SqlClient.SqlCommand.RunExecuteReader(CommandBehavior cmdBehavior, RunBehavior runBehavior, Boolean returnStream, String method, TaskCompletionSource`1 completion, Int32 timeout, Task& task, Boolean asyncWrite)
   在 System.Data.SqlClient.SqlCommand.InternalExecuteNonQuery(TaskCompletionSource`1 completion, String methodName, Boolean sendToPipe, Int32 timeout, Boolean asyncWrite)
   在 System.Data.SqlClient.SqlCommand.ExecuteNonQuery()
   在 System.Data.SqlClient.SqlCommandSet.ExecuteNonQuery()
   在 NHibernate.AdoNet.SqlClientSqlCommandSet.ExecuteNonQuery() 位置 p:\nhibernate-core\src\NHibernate\AdoNet\SqlClientSqlCommandSet.cs:行号 117
   在 NHibernate.AdoNet.SqlClientBatchingBatcher.DoExecuteBatch(IDbCommand ps) 位置 p:\nhibernate-core\src\NHibernate\AdoNet\SqlClientBatchingBatcher.cs:行号 87
   --- 内部异常堆栈跟踪的结尾 ---
   在 NHibernate.AdoNet.SqlClientBatchingBatcher.DoExecuteBatch(IDbCommand ps) 位置 p:\nhibernate-core\src\NHibernate\AdoNet\SqlClientBatchingBatcher.cs:行号 91
   在 NHibernate.AdoNet.AbstractBatcher.ExecuteBatchWithTiming(IDbCommand ps) 位置 p:\nhibernate-core\src\NHibernate\AdoNet\AbstractBatcher.cs:行号 413
   在 NHibernate.AdoNet.SqlClientBatchingBatcher.AddToBatch(IExpectation expectation) 位置 p:\nhibernate-core\src\NHibernate\AdoNet\SqlClientBatchingBatcher.cs:行号 71
   在 NHibernate.Persister.Entity.AbstractEntityPersister.Insert(Object id, Object[] fields, Boolean[] notNull, Int32 j, SqlCommandInfo sql, Object obj, ISessionImplementor session) 位置 p:\nhibernate-core\src\NHibernate\Persister\Entity\AbstractEntityPersister.cs:行号 2656
   在 NHibernate.Persister.Entity.AbstractEntityPersister.Insert(Object id, Object[] fields, Object obj, ISessionImplementor session) 位置 p:\nhibernate-core\src\NHibernate\Persister\Entity\AbstractEntityPersister.cs:行号 3060
   在 NHibernate.Action.EntityInsertAction.Execute() 位置 p:\nhibernate-core\src\NHibernate\Action\EntityInsertAction.cs:行号 61
   在 NHibernate.Engine.ActionQueue.Execute(IExecutable executable) 位置 p:\nhibernate-core\src\NHibernate\Engine\ActionQueue.cs:行号 136
   在 NHibernate.Engine.ActionQueue.ExecuteActions(IList list) 位置 p:\nhibernate-core\src\NHibernate\Engine\ActionQueue.cs:行号 125
   在 NHibernate.Engine.ActionQueue.ExecuteActions() 位置 p:\nhibernate-core\src\NHibernate\Engine\ActionQueue.cs:行号 170
   在 NHibernate.Event.Default.AbstractFlushingEventListener.PerformExecutions(IEventSource session) 位置 p:\nhibernate-core\src\NHibernate\Event\Default\AbstractFlushingEventListener.cs:行号 241
2017-02-06 17:12:58,859 - ERROR - INSERT 语句与 FOREIGN KEY 约束"FK_FMM_MATERIAL_FMM_MATERIAL_TYPE"冲突。该冲突发生于数据库"JNMES"，表"dbo.FMM_MATERIAL_TYPE", column 'MATERIAL_TYPE'。
语句已终止。
2017-02-06 17:12:58,998 - ERROR - Could not synchronize database state with session
NHibernate.Exceptions.GenericADOException: could not execute batch command.[SQL: SQL not available] ---> System.Data.SqlClient.SqlException: INSERT 语句与 FOREIGN KEY 约束"FK_FMM_MATERIAL_FMM_MATERIAL_TYPE"冲突。该冲突发生于数据库"JNMES"，表"dbo.FMM_MATERIAL_TYPE", column 'MATERIAL_TYPE'。
语句已终止。
   在 System.Data.SqlClient.SqlConnection.OnError(SqlException exception, Boolean breakConnection, Action`1 wrapCloseInAction)
   在 System.Data.SqlClient.TdsParser.ThrowExceptionAndWarning(TdsParserStateObject stateObj, Boolean callerHasConnectionLock, Boolean asyncClose)
   在 System.Data.SqlClient.TdsParser.TryRun(RunBehavior runBehavior, SqlCommand cmdHandler, SqlDataReader dataStream, BulkCopySimpleResultSet bulkCopyHandler, TdsParserStateObject stateObj, Boolean& dataReady)
   在 System.Data.SqlClient.SqlCommand.FinishExecuteReader(SqlDataReader ds, RunBehavior runBehavior, String resetOptionsString)
   在 System.Data.SqlClient.SqlCommand.RunExecuteReaderTds(CommandBehavior cmdBehavior, RunBehavior runBehavior, Boolean returnStream, Boolean async, Int32 timeout, Task& task, Boolean asyncWrite, SqlDataReader ds, Boolean describeParameterEncryptionRequest)
   在 System.Data.SqlClient.SqlCommand.RunExecuteReader(CommandBehavior cmdBehavior, RunBehavior runBehavior, Boolean returnStream, String method, TaskCompletionSource`1 completion, Int32 timeout, Task& task, Boolean asyncWrite)
   在 System.Data.SqlClient.SqlCommand.InternalExecuteNonQuery(TaskCompletionSource`1 completion, String methodName, Boolean sendToPipe, Int32 timeout, Boolean asyncWrite)
   在 System.Data.SqlClient.SqlCommand.ExecuteNonQuery()
   在 System.Data.SqlClient.SqlCommandSet.ExecuteNonQuery()
   在 NHibernate.AdoNet.SqlClientSqlCommandSet.ExecuteNonQuery() 位置 p:\nhibernate-core\src\NHibernate\AdoNet\SqlClientSqlCommandSet.cs:行号 117
   在 NHibernate.AdoNet.SqlClientBatchingBatcher.DoExecuteBatch(IDbCommand ps) 位置 p:\nhibernate-core\src\NHibernate\AdoNet\SqlClientBatchingBatcher.cs:行号 87
   --- 内部异常堆栈跟踪的结尾 ---
   在 NHibernate.AdoNet.SqlClientBatchingBatcher.DoExecuteBatch(IDbCommand ps) 位置 p:\nhibernate-core\src\NHibernate\AdoNet\SqlClientBatchingBatcher.cs:行号 91
   在 NHibernate.AdoNet.AbstractBatcher.ExecuteBatchWithTiming(IDbCommand ps) 位置 p:\nhibernate-core\src\NHibernate\AdoNet\AbstractBatcher.cs:行号 413
   在 NHibernate.AdoNet.SqlClientBatchingBatcher.AddToBatch(IExpectation expectation) 位置 p:\nhibernate-core\src\NHibernate\AdoNet\SqlClientBatchingBatcher.cs:行号 71
   在 NHibernate.Persister.Entity.AbstractEntityPersister.Insert(Object id, Object[] fields, Boolean[] notNull, Int32 j, SqlCommandInfo sql, Object obj, ISessionImplementor session) 位置 p:\nhibernate-core\src\NHibernate\Persister\Entity\AbstractEntityPersister.cs:行号 2656
   在 NHibernate.Persister.Entity.AbstractEntityPersister.Insert(Object id, Object[] fields, Object obj, ISessionImplementor session) 位置 p:\nhibernate-core\src\NHibernate\Persister\Entity\AbstractEntityPersister.cs:行号 3060
   在 NHibernate.Action.EntityInsertAction.Execute() 位置 p:\nhibernate-core\src\NHibernate\Action\EntityInsertAction.cs:行号 61
   在 NHibernate.Engine.ActionQueue.Execute(IExecutable executable) 位置 p:\nhibernate-core\src\NHibernate\Engine\ActionQueue.cs:行号 136
   在 NHibernate.Engine.ActionQueue.ExecuteActions(IList list) 位置 p:\nhibernate-core\src\NHibernate\Engine\ActionQueue.cs:行号 125
   在 NHibernate.Engine.ActionQueue.ExecuteActions() 位置 p:\nhibernate-core\src\NHibernate\Engine\ActionQueue.cs:行号 170
   在 NHibernate.Event.Default.AbstractFlushingEventListener.PerformExecutions(IEventSource session) 位置 p:\nhibernate-core\src\NHibernate\Event\Default\AbstractFlushingEventListener.cs:行号 241
2017-02-06 17:14:21,505 - ERROR - INSERT 语句与 FOREIGN KEY 约束"FK_FMM_MATERIAL_FMM_MATERIAL_TYPE"冲突。该冲突发生于数据库"JNMES"，表"dbo.FMM_MATERIAL_TYPE", column 'MATERIAL_TYPE'。
语句已终止。
2017-02-06 17:14:21,635 - ERROR - Could not synchronize database state with session
NHibernate.Exceptions.GenericADOException: could not execute batch command.[SQL: SQL not available] ---> System.Data.SqlClient.SqlException: INSERT 语句与 FOREIGN KEY 约束"FK_FMM_MATERIAL_FMM_MATERIAL_TYPE"冲突。该冲突发生于数据库"JNMES"，表"dbo.FMM_MATERIAL_TYPE", column 'MATERIAL_TYPE'。
语句已终止。
   在 System.Data.SqlClient.SqlConnection.OnError(SqlException exception, Boolean breakConnection, Action`1 wrapCloseInAction)
   在 System.Data.SqlClient.TdsParser.ThrowExceptionAndWarning(TdsParserStateObject stateObj, Boolean callerHasConnectionLock, Boolean asyncClose)
   在 System.Data.SqlClient.TdsParser.TryRun(RunBehavior runBehavior, SqlCommand cmdHandler, SqlDataReader dataStream, BulkCopySimpleResultSet bulkCopyHandler, TdsParserStateObject stateObj, Boolean& dataReady)
   在 System.Data.SqlClient.SqlCommand.FinishExecuteReader(SqlDataReader ds, RunBehavior runBehavior, String resetOptionsString)
   在 System.Data.SqlClient.SqlCommand.RunExecuteReaderTds(CommandBehavior cmdBehavior, RunBehavior runBehavior, Boolean returnStream, Boolean async, Int32 timeout, Task& task, Boolean asyncWrite, SqlDataReader ds, Boolean describeParameterEncryptionRequest)
   在 System.Data.SqlClient.SqlCommand.RunExecuteReader(CommandBehavior cmdBehavior, RunBehavior runBehavior, Boolean returnStream, String method, TaskCompletionSource`1 completion, Int32 timeout, Task& task, Boolean asyncWrite)
   在 System.Data.SqlClient.SqlCommand.InternalExecuteNonQuery(TaskCompletionSource`1 completion, String methodName, Boolean sendToPipe, Int32 timeout, Boolean asyncWrite)
   在 System.Data.SqlClient.SqlCommand.ExecuteNonQuery()
   在 System.Data.SqlClient.SqlCommandSet.ExecuteNonQuery()
   在 NHibernate.AdoNet.SqlClientSqlCommandSet.ExecuteNonQuery() 位置 p:\nhibernate-core\src\NHibernate\AdoNet\SqlClientSqlCommandSet.cs:行号 117
   在 NHibernate.AdoNet.SqlClientBatchingBatcher.DoExecuteBatch(IDbCommand ps) 位置 p:\nhibernate-core\src\NHibernate\AdoNet\SqlClientBatchingBatcher.cs:行号 87
   --- 内部异常堆栈跟踪的结尾 ---
   在 NHibernate.AdoNet.SqlClientBatchingBatcher.DoExecuteBatch(IDbCommand ps) 位置 p:\nhibernate-core\src\NHibernate\AdoNet\SqlClientBatchingBatcher.cs:行号 91
   在 NHibernate.AdoNet.AbstractBatcher.ExecuteBatchWithTiming(IDbCommand ps) 位置 p:\nhibernate-core\src\NHibernate\AdoNet\AbstractBatcher.cs:行号 413
   在 NHibernate.AdoNet.SqlClientBatchingBatcher.AddToBatch(IExpectation expectation) 位置 p:\nhibernate-core\src\NHibernate\AdoNet\SqlClientBatchingBatcher.cs:行号 71
   在 NHibernate.Persister.Entity.AbstractEntityPersister.Insert(Object id, Object[] fields, Boolean[] notNull, Int32 j, SqlCommandInfo sql, Object obj, ISessionImplementor session) 位置 p:\nhibernate-core\src\NHibernate\Persister\Entity\AbstractEntityPersister.cs:行号 2656
   在 NHibernate.Persister.Entity.AbstractEntityPersister.Insert(Object id, Object[] fields, Object obj, ISessionImplementor session) 位置 p:\nhibernate-core\src\NHibernate\Persister\Entity\AbstractEntityPersister.cs:行号 3060
   在 NHibernate.Action.EntityInsertAction.Execute() 位置 p:\nhibernate-core\src\NHibernate\Action\EntityInsertAction.cs:行号 61
   在 NHibernate.Engine.ActionQueue.Execute(IExecutable executable) 位置 p:\nhibernate-core\src\NHibernate\Engine\ActionQueue.cs:行号 136
   在 NHibernate.Engine.ActionQueue.ExecuteActions(IList list) 位置 p:\nhibernate-core\src\NHibernate\Engine\ActionQueue.cs:行号 125
   在 NHibernate.Engine.ActionQueue.ExecuteActions() 位置 p:\nhibernate-core\src\NHibernate\Engine\ActionQueue.cs:行号 170
   在 NHibernate.Event.Default.AbstractFlushingEventListener.PerformExecutions(IEventSource session) 位置 p:\nhibernate-core\src\NHibernate\Event\Default\AbstractFlushingEventListener.cs:行号 241
2017-02-06 17:15:44,038 - ERROR - INSERT 语句与 FOREIGN KEY 约束"FK_FMM_MATERIAL_FMM_MATERIAL_TYPE"冲突。该冲突发生于数据库"JNMES"，表"dbo.FMM_MATERIAL_TYPE", column 'MATERIAL_TYPE'。
语句已终止。
2017-02-06 17:15:44,176 - ERROR - Could not synchronize database state with session
NHibernate.Exceptions.GenericADOException: could not execute batch command.[SQL: SQL not available] ---> System.Data.SqlClient.SqlException: INSERT 语句与 FOREIGN KEY 约束"FK_FMM_MATERIAL_FMM_MATERIAL_TYPE"冲突。该冲突发生于数据库"JNMES"，表"dbo.FMM_MATERIAL_TYPE", column 'MATERIAL_TYPE'。
语句已终止。
   在 System.Data.SqlClient.SqlConnection.OnError(SqlException exception, Boolean breakConnection, Action`1 wrapCloseInAction)
   在 System.Data.SqlClient.TdsParser.ThrowExceptionAndWarning(TdsParserStateObject stateObj, Boolean callerHasConnectionLock, Boolean asyncClose)
   在 System.Data.SqlClient.TdsParser.TryRun(RunBehavior runBehavior, SqlCommand cmdHandler, SqlDataReader dataStream, BulkCopySimpleResultSet bulkCopyHandler, TdsParserStateObject stateObj, Boolean& dataReady)
   在 System.Data.SqlClient.SqlCommand.FinishExecuteReader(SqlDataReader ds, RunBehavior runBehavior, String resetOptionsString)
   在 System.Data.SqlClient.SqlCommand.RunExecuteReaderTds(CommandBehavior cmdBehavior, RunBehavior runBehavior, Boolean returnStream, Boolean async, Int32 timeout, Task& task, Boolean asyncWrite, SqlDataReader ds, Boolean describeParameterEncryptionRequest)
   在 System.Data.SqlClient.SqlCommand.RunExecuteReader(CommandBehavior cmdBehavior, RunBehavior runBehavior, Boolean returnStream, String method, TaskCompletionSource`1 completion, Int32 timeout, Task& task, Boolean asyncWrite)
   在 System.Data.SqlClient.SqlCommand.InternalExecuteNonQuery(TaskCompletionSource`1 completion, String methodName, Boolean sendToPipe, Int32 timeout, Boolean asyncWrite)
   在 System.Data.SqlClient.SqlCommand.ExecuteNonQuery()
   在 System.Data.SqlClient.SqlCommandSet.ExecuteNonQuery()
   在 NHibernate.AdoNet.SqlClientSqlCommandSet.ExecuteNonQuery() 位置 p:\nhibernate-core\src\NHibernate\AdoNet\SqlClientSqlCommandSet.cs:行号 117
   在 NHibernate.AdoNet.SqlClientBatchingBatcher.DoExecuteBatch(IDbCommand ps) 位置 p:\nhibernate-core\src\NHibernate\AdoNet\SqlClientBatchingBatcher.cs:行号 87
   --- 内部异常堆栈跟踪的结尾 ---
   在 NHibernate.AdoNet.SqlClientBatchingBatcher.DoExecuteBatch(IDbCommand ps) 位置 p:\nhibernate-core\src\NHibernate\AdoNet\SqlClientBatchingBatcher.cs:行号 91
   在 NHibernate.AdoNet.AbstractBatcher.ExecuteBatchWithTiming(IDbCommand ps) 位置 p:\nhibernate-core\src\NHibernate\AdoNet\AbstractBatcher.cs:行号 413
   在 NHibernate.AdoNet.SqlClientBatchingBatcher.AddToBatch(IExpectation expectation) 位置 p:\nhibernate-core\src\NHibernate\AdoNet\SqlClientBatchingBatcher.cs:行号 71
   在 NHibernate.Persister.Entity.AbstractEntityPersister.Insert(Object id, Object[] fields, Boolean[] notNull, Int32 j, SqlCommandInfo sql, Object obj, ISessionImplementor session) 位置 p:\nhibernate-core\src\NHibernate\Persister\Entity\AbstractEntityPersister.cs:行号 2656
   在 NHibernate.Persister.Entity.AbstractEntityPersister.Insert(Object id, Object[] fields, Object obj, ISessionImplementor session) 位置 p:\nhibernate-core\src\NHibernate\Persister\Entity\AbstractEntityPersister.cs:行号 3060
   在 NHibernate.Action.EntityInsertAction.Execute() 位置 p:\nhibernate-core\src\NHibernate\Action\EntityInsertAction.cs:行号 61
   在 NHibernate.Engine.ActionQueue.Execute(IExecutable executable) 位置 p:\nhibernate-core\src\NHibernate\Engine\ActionQueue.cs:行号 136
   在 NHibernate.Engine.ActionQueue.ExecuteActions(IList list) 位置 p:\nhibernate-core\src\NHibernate\Engine\ActionQueue.cs:行号 125
   在 NHibernate.Engine.ActionQueue.ExecuteActions() 位置 p:\nhibernate-core\src\NHibernate\Engine\ActionQueue.cs:行号 170
   在 NHibernate.Event.Default.AbstractFlushingEventListener.PerformExecutions(IEventSource session) 位置 p:\nhibernate-core\src\NHibernate\Event\Default\AbstractFlushingEventListener.cs:行号 241
2017-02-06 17:20:49,066 - ERROR - START>Application
2017-02-06 17:23:54,486 - ERROR - START>Application
2017-02-06 17:26:10,960 - ERROR - INSERT 语句与 FOREIGN KEY 约束"FK_FMM_MATERIAL_FMM_MATERIAL_TYPE"冲突。该冲突发生于数据库"JNMES"，表"dbo.FMM_MATERIAL_TYPE", column 'MATERIAL_TYPE'。
语句已终止。
2017-02-06 17:26:11,098 - ERROR - Could not synchronize database state with session
NHibernate.Exceptions.GenericADOException: could not execute batch command.[SQL: SQL not available] ---> System.Data.SqlClient.SqlException: INSERT 语句与 FOREIGN KEY 约束"FK_FMM_MATERIAL_FMM_MATERIAL_TYPE"冲突。该冲突发生于数据库"JNMES"，表"dbo.FMM_MATERIAL_TYPE", column 'MATERIAL_TYPE'。
语句已终止。
   在 System.Data.SqlClient.SqlConnection.OnError(SqlException exception, Boolean breakConnection, Action`1 wrapCloseInAction)
   在 System.Data.SqlClient.TdsParser.ThrowExceptionAndWarning(TdsParserStateObject stateObj, Boolean callerHasConnectionLock, Boolean asyncClose)
   在 System.Data.SqlClient.TdsParser.TryRun(RunBehavior runBehavior, SqlCommand cmdHandler, SqlDataReader dataStream, BulkCopySimpleResultSet bulkCopyHandler, TdsParserStateObject stateObj, Boolean& dataReady)
   在 System.Data.SqlClient.SqlCommand.FinishExecuteReader(SqlDataReader ds, RunBehavior runBehavior, String resetOptionsString)
   在 System.Data.SqlClient.SqlCommand.RunExecuteReaderTds(CommandBehavior cmdBehavior, RunBehavior runBehavior, Boolean returnStream, Boolean async, Int32 timeout, Task& task, Boolean asyncWrite, SqlDataReader ds, Boolean describeParameterEncryptionRequest)
   在 System.Data.SqlClient.SqlCommand.RunExecuteReader(CommandBehavior cmdBehavior, RunBehavior runBehavior, Boolean returnStream, String method, TaskCompletionSource`1 completion, Int32 timeout, Task& task, Boolean asyncWrite)
   在 System.Data.SqlClient.SqlCommand.InternalExecuteNonQuery(TaskCompletionSource`1 completion, String methodName, Boolean sendToPipe, Int32 timeout, Boolean asyncWrite)
   在 System.Data.SqlClient.SqlCommand.ExecuteNonQuery()
   在 System.Data.SqlClient.SqlCommandSet.ExecuteNonQuery()
   在 NHibernate.AdoNet.SqlClientSqlCommandSet.ExecuteNonQuery() 位置 p:\nhibernate-core\src\NHibernate\AdoNet\SqlClientSqlCommandSet.cs:行号 117
   在 NHibernate.AdoNet.SqlClientBatchingBatcher.DoExecuteBatch(IDbCommand ps) 位置 p:\nhibernate-core\src\NHibernate\AdoNet\SqlClientBatchingBatcher.cs:行号 87
   --- 内部异常堆栈跟踪的结尾 ---
   在 NHibernate.AdoNet.SqlClientBatchingBatcher.DoExecuteBatch(IDbCommand ps) 位置 p:\nhibernate-core\src\NHibernate\AdoNet\SqlClientBatchingBatcher.cs:行号 91
   在 NHibernate.AdoNet.AbstractBatcher.ExecuteBatchWithTiming(IDbCommand ps) 位置 p:\nhibernate-core\src\NHibernate\AdoNet\AbstractBatcher.cs:行号 413
   在 NHibernate.AdoNet.SqlClientBatchingBatcher.AddToBatch(IExpectation expectation) 位置 p:\nhibernate-core\src\NHibernate\AdoNet\SqlClientBatchingBatcher.cs:行号 71
   在 NHibernate.Persister.Entity.AbstractEntityPersister.Insert(Object id, Object[] fields, Boolean[] notNull, Int32 j, SqlCommandInfo sql, Object obj, ISessionImplementor session) 位置 p:\nhibernate-core\src\NHibernate\Persister\Entity\AbstractEntityPersister.cs:行号 2656
   在 NHibernate.Persister.Entity.AbstractEntityPersister.Insert(Object id, Object[] fields, Object obj, ISessionImplementor session) 位置 p:\nhibernate-core\src\NHibernate\Persister\Entity\AbstractEntityPersister.cs:行号 3060
   在 NHibernate.Action.EntityInsertAction.Execute() 位置 p:\nhibernate-core\src\NHibernate\Action\EntityInsertAction.cs:行号 61
   在 NHibernate.Engine.ActionQueue.Execute(IExecutable executable) 位置 p:\nhibernate-core\src\NHibernate\Engine\ActionQueue.cs:行号 136
   在 NHibernate.Engine.ActionQueue.ExecuteActions(IList list) 位置 p:\nhibernate-core\src\NHibernate\Engine\ActionQueue.cs:行号 125
   在 NHibernate.Engine.ActionQueue.ExecuteActions() 位置 p:\nhibernate-core\src\NHibernate\Engine\ActionQueue.cs:行号 170
   在 NHibernate.Event.Default.AbstractFlushingEventListener.PerformExecutions(IEventSource session) 位置 p:\nhibernate-core\src\NHibernate\Event\Default\AbstractFlushingEventListener.cs:行号 241
2017-02-06 17:27:18,611 - ERROR - START>Application
2017-02-06 17:31:30,512 - ERROR - INSERT 语句与 FOREIGN KEY 约束"FK_FMM_MATERIAL_FMM_MATERIAL_TYPE"冲突。该冲突发生于数据库"JNMES"，表"dbo.FMM_MATERIAL_TYPE", column 'MATERIAL_TYPE'。
语句已终止。
2017-02-06 17:31:30,673 - ERROR - Could not synchronize database state with session
NHibernate.Exceptions.GenericADOException: could not execute batch command.[SQL: SQL not available] ---> System.Data.SqlClient.SqlException: INSERT 语句与 FOREIGN KEY 约束"FK_FMM_MATERIAL_FMM_MATERIAL_TYPE"冲突。该冲突发生于数据库"JNMES"，表"dbo.FMM_MATERIAL_TYPE", column 'MATERIAL_TYPE'。
语句已终止。
   在 System.Data.SqlClient.SqlConnection.OnError(SqlException exception, Boolean breakConnection, Action`1 wrapCloseInAction)
   在 System.Data.SqlClient.TdsParser.ThrowExceptionAndWarning(TdsParserStateObject stateObj, Boolean callerHasConnectionLock, Boolean asyncClose)
   在 System.Data.SqlClient.TdsParser.TryRun(RunBehavior runBehavior, SqlCommand cmdHandler, SqlDataReader dataStream, BulkCopySimpleResultSet bulkCopyHandler, TdsParserStateObject stateObj, Boolean& dataReady)
   在 System.Data.SqlClient.SqlCommand.FinishExecuteReader(SqlDataReader ds, RunBehavior runBehavior, String resetOptionsString)
   在 System.Data.SqlClient.SqlCommand.RunExecuteReaderTds(CommandBehavior cmdBehavior, RunBehavior runBehavior, Boolean returnStream, Boolean async, Int32 timeout, Task& task, Boolean asyncWrite, SqlDataReader ds, Boolean describeParameterEncryptionRequest)
   在 System.Data.SqlClient.SqlCommand.RunExecuteReader(CommandBehavior cmdBehavior, RunBehavior runBehavior, Boolean returnStream, String method, TaskCompletionSource`1 completion, Int32 timeout, Task& task, Boolean asyncWrite)
   在 System.Data.SqlClient.SqlCommand.InternalExecuteNonQuery(TaskCompletionSource`1 completion, String methodName, Boolean sendToPipe, Int32 timeout, Boolean asyncWrite)
   在 System.Data.SqlClient.SqlCommand.ExecuteNonQuery()
   在 System.Data.SqlClient.SqlCommandSet.ExecuteNonQuery()
   在 NHibernate.AdoNet.SqlClientSqlCommandSet.ExecuteNonQuery() 位置 p:\nhibernate-core\src\NHibernate\AdoNet\SqlClientSqlCommandSet.cs:行号 117
   在 NHibernate.AdoNet.SqlClientBatchingBatcher.DoExecuteBatch(IDbCommand ps) 位置 p:\nhibernate-core\src\NHibernate\AdoNet\SqlClientBatchingBatcher.cs:行号 87
   --- 内部异常堆栈跟踪的结尾 ---
   在 NHibernate.AdoNet.SqlClientBatchingBatcher.DoExecuteBatch(IDbCommand ps) 位置 p:\nhibernate-core\src\NHibernate\AdoNet\SqlClientBatchingBatcher.cs:行号 91
   在 NHibernate.AdoNet.AbstractBatcher.ExecuteBatchWithTiming(IDbCommand ps) 位置 p:\nhibernate-core\src\NHibernate\AdoNet\AbstractBatcher.cs:行号 413
   在 NHibernate.AdoNet.SqlClientBatchingBatcher.AddToBatch(IExpectation expectation) 位置 p:\nhibernate-core\src\NHibernate\AdoNet\SqlClientBatchingBatcher.cs:行号 71
   在 NHibernate.Persister.Entity.AbstractEntityPersister.Insert(Object id, Object[] fields, Boolean[] notNull, Int32 j, SqlCommandInfo sql, Object obj, ISessionImplementor session) 位置 p:\nhibernate-core\src\NHibernate\Persister\Entity\AbstractEntityPersister.cs:行号 2656
   在 NHibernate.Persister.Entity.AbstractEntityPersister.Insert(Object id, Object[] fields, Object obj, ISessionImplementor session) 位置 p:\nhibernate-core\src\NHibernate\Persister\Entity\AbstractEntityPersister.cs:行号 3060
   在 NHibernate.Action.EntityInsertAction.Execute() 位置 p:\nhibernate-core\src\NHibernate\Action\EntityInsertAction.cs:行号 61
   在 NHibernate.Engine.ActionQueue.Execute(IExecutable executable) 位置 p:\nhibernate-core\src\NHibernate\Engine\ActionQueue.cs:行号 136
   在 NHibernate.Engine.ActionQueue.ExecuteActions(IList list) 位置 p:\nhibernate-core\src\NHibernate\Engine\ActionQueue.cs:行号 125
   在 NHibernate.Engine.ActionQueue.ExecuteActions() 位置 p:\nhibernate-core\src\NHibernate\Engine\ActionQueue.cs:行号 170
   在 NHibernate.Event.Default.AbstractFlushingEventListener.PerformExecutions(IEventSource session) 位置 p:\nhibernate-core\src\NHibernate\Event\Default\AbstractFlushingEventListener.cs:行号 241
2017-02-06 17:54:38,883 - ERROR - START>Application
2017-02-06 18:11:14,321 - ERROR - START>Application
