2017-02-13 14:01:51,786 - ERROR - START>Application
2017-02-13 16:33:27,490 - ERROR - START>Application
2017-02-13 16:37:18,691 - ERROR - START>Application
2017-02-13 16:53:45,198 - ERROR - START>Application
2017-02-13 19:52:50,450 - ERROR - START>Application
2017-02-13 19:54:00,875 - ERROR - Could not execute query: select count(*) as col_0_0_ from RBAC_RESOURCE resource0_ where resource0_.RESOURCE_TYPE>='10' and resource0_.RESOURCE_TYPE<'20' and resource0_.RESOURCE_DATA='/WIP/PackageRework/index'
System.Data.SqlClient.SqlException (0x80131904): 在从服务器接收结果时发生传输级错误。 (provider: TCP Provider, error: 0 - 信号灯超时时间已到) ---> System.ComponentModel.Win32Exception (0x80004005): 信号灯超时时间已到
   在 System.Data.SqlClient.SqlConnection.OnError(SqlException exception, Boolean breakConnection, Action`1 wrapCloseInAction)
   在 System.Data.SqlClient.TdsParser.ThrowExceptionAndWarning(TdsParserStateObject stateObj, Boolean callerHasConnectionLock, Boolean asyncClose)
   在 System.Data.SqlClient.TdsParserStateObject.ReadSniError(TdsParserStateObject stateObj, UInt32 error)
   在 System.Data.SqlClient.TdsParserStateObject.ReadSniSyncOverAsync()
   在 System.Data.SqlClient.TdsParserStateObject.TryReadNetworkPacket()
   在 System.Data.SqlClient.TdsParserStateObject.TryPrepareBuffer()
   在 System.Data.SqlClient.TdsParserStateObject.TryReadByte(Byte& value)
   在 System.Data.SqlClient.TdsParser.TryRun(RunBehavior runBehavior, SqlCommand cmdHandler, SqlDataReader dataStream, BulkCopySimpleResultSet bulkCopyHandler, TdsParserStateObject stateObj, Boolean& dataReady)
   在 System.Data.SqlClient.SqlDataReader.TryConsumeMetaData()
   在 System.Data.SqlClient.SqlDataReader.get_MetaData()
   在 System.Data.SqlClient.SqlCommand.FinishExecuteReader(SqlDataReader ds, RunBehavior runBehavior, String resetOptionsString)
   在 System.Data.SqlClient.SqlCommand.RunExecuteReaderTds(CommandBehavior cmdBehavior, RunBehavior runBehavior, Boolean returnStream, Boolean async, Int32 timeout, Task& task, Boolean asyncWrite, SqlDataReader ds, Boolean describeParameterEncryptionRequest)
   在 System.Data.SqlClient.SqlCommand.RunExecuteReader(CommandBehavior cmdBehavior, RunBehavior runBehavior, Boolean returnStream, String method, TaskCompletionSource`1 completion, Int32 timeout, Task& task, Boolean asyncWrite)
   在 System.Data.SqlClient.SqlCommand.RunExecuteReader(CommandBehavior cmdBehavior, RunBehavior runBehavior, Boolean returnStream, String method)
   在 System.Data.SqlClient.SqlCommand.ExecuteReader(CommandBehavior behavior, String method)
   在 NHibernate.AdoNet.AbstractBatcher.ExecuteReader(IDbCommand cmd) 位置 p:\nhibernate-core\src\NHibernate\AdoNet\AbstractBatcher.cs:行号 223
ClientConnectionId:86ae059c-fcfc-4070-a5de-53001f7c6a4e
Error Number:121,State:0,Class:20
2017-02-13 19:54:00,991 - ERROR - 在从服务器接收结果时发生传输级错误。 (provider: TCP Provider, error: 0 - 信号灯超时时间已到)
2017-02-13 19:54:00,991 - ERROR - 信号灯超时时间已到
2017-02-13 19:54:01,078 - ERROR - 在从服务器接收结果时发生传输级错误。 (provider: TCP Provider, error: 0 - 信号灯超时时间已到)
2017-02-13 19:54:01,078 - ERROR - 信号灯超时时间已到
2017-02-13 19:54:01,081 - ERROR - 在从服务器接收结果时发生传输级错误。 (provider: TCP Provider, error: 0 - 信号灯超时时间已到)
2017-02-13 19:54:01,081 - ERROR - 信号灯超时时间已到
2017-02-13 19:54:19,899 - ERROR - START>Application
2017-02-13 19:55:07,833 - ERROR - START>Application
2017-02-13 19:55:44,443 - ERROR - START>Application
