2017-02-23 08:28:43,521 - ERROR - START>Application
2017-02-23 09:37:54,829 - ERROR - START>Application
2017-02-23 11:58:37,372 - ERROR - NoViableAltException(121@[])
2017-02-23 11:58:37,419 - ERROR - NoViableAltException(6@[])
2017-02-23 11:58:37,471 - ERROR - MismatchedTokenException(121!=104)
2017-02-23 11:58:37,516 - ERROR - NoViableAltException(121@[])
2017-02-23 11:58:37,562 - ERROR - NoViableAltException(55@[])
2017-02-23 11:58:37,604 - ERROR - NoViableAltException(121@[])
2017-02-23 11:58:37,648 - ERROR - NoViableAltException(6@[])
2017-02-23 11:58:37,695 - ERROR - MismatchedTokenException(121!=104)
2017-02-23 11:58:37,740 - ERROR - NoViableAltException(121@[])
2017-02-23 11:58:37,791 - ERROR - NoViableAltException(55@[])
2017-02-23 11:58:37,841 - ERROR - NoViableAltException(121@[])
2017-02-23 11:58:37,885 - ERROR - NoViableAltException(6@[])
2017-02-23 11:58:37,928 - ERROR - NoViableAltException(121@[])
2017-02-23 11:58:37,973 - ERROR - NoViableAltException(6@[])
2017-02-23 11:58:38,012 - ERROR - MismatchedTokenException(104!=-1)
2017-02-23 14:58:21,347 - ERROR - START>Application
2017-02-23 16:57:59,097 - ERROR - START>Application
2017-02-23 17:00:15,134 - ERROR - START>Application
2017-02-23 17:04:51,412 - ERROR - START>Application
2017-02-23 17:08:25,970 - ERROR - START>Application
2017-02-23 17:09:09,735 - ERROR - INSERT 语句与 FOREIGN KEY 约束"FK_LSM_STORE_MATERIAL_DETAIL_LSM_STORE_MATERIAL"冲突。该冲突发生于数据库"JNMES"，表"dbo.LSM_STORE_MATERIAL"。
INSERT 语句与 FOREIGN KEY 约束"FK_LSM_STORE_MATERIAL_DETAIL_LSM_STORE_MATERIAL"冲突。该冲突发生于数据库"JNMES"，表"dbo.LSM_STORE_MATERIAL"。
语句已终止。
语句已终止。
2017-02-23 17:09:09,814 - ERROR - Could not synchronize database state with session
NHibernate.Exceptions.GenericADOException: could not execute batch command.[SQL: SQL not available] ---> System.Data.SqlClient.SqlException: INSERT 语句与 FOREIGN KEY 约束"FK_LSM_STORE_MATERIAL_DETAIL_LSM_STORE_MATERIAL"冲突。该冲突发生于数据库"JNMES"，表"dbo.LSM_STORE_MATERIAL"。
INSERT 语句与 FOREIGN KEY 约束"FK_LSM_STORE_MATERIAL_DETAIL_LSM_STORE_MATERIAL"冲突。该冲突发生于数据库"JNMES"，表"dbo.LSM_STORE_MATERIAL"。
语句已终止。
语句已终止。
   在 System.Data.SqlClient.SqlConnection.OnError(SqlException exception, Boolean breakConnection, Action`1 wrapCloseInAction)
   在 System.Data.SqlClient.TdsParser.ThrowExceptionAndWarning(TdsParserStateObject stateObj, Boolean callerHasConnectionLock, Boolean asyncClose)
   在 System.Data.SqlClient.TdsParser.TryRun(RunBehavior runBehavior, SqlCommand cmdHandler, SqlDataReader dataStream, BulkCopySimpleResultSet bulkCopyHandler, TdsParserStateObject stateObj, Boolean& dataReady)
   在 System.Data.SqlClient.SqlCommand.FinishExecuteReader(SqlDataReader ds, RunBehavior runBehavior, String resetOptionsString)
   在 System.Data.SqlClient.SqlCommand.RunExecuteReaderTds(CommandBehavior cmdBehavior, RunBehavior runBehavior, Boolean returnStream, Boolean async, Int32 timeout, Task& task, Boolean asyncWrite, SqlDataReader ds, Boolean describeParameterEncryptionRequest)
   在 System.Data.SqlClient.SqlCommand.RunExecuteReader(CommandBehavior cmdBehavior, RunBehavior runBehavior, Boolean returnStream, String method, TaskCompletionSource`1 completion, Int32 timeout, Task& task, Boolean asyncWrite)
   在 System.Data.SqlClient.SqlCommand.InternalExecuteNonQuery(TaskCompletionSource`1 completion, String methodName, Boolean sendToPipe, Int32 timeout, Boolean asyncWrite)
   在 System.Data.SqlClient.SqlCommand.ExecuteNonQuery()
   在 System.Data.SqlClient.SqlCommandSet.ExecuteNonQuery()
   在 NHibernate.AdoNet.SqlClientSqlCommandSet.ExecuteNonQuery() 位置 p:\nhibernate-core\src\NHibernate\AdoNet\SqlClientSqlCommandSet.cs:行号 117
   在 NHibernate.AdoNet.SqlClientBatchingBatcher.DoExecuteBatch(IDbCommand ps) 位置 p:\nhibernate-core\src\NHibernate\AdoNet\SqlClientBatchingBatcher.cs:行号 87
   --- 内部异常堆栈跟踪的结尾 ---
   在 NHibernate.AdoNet.SqlClientBatchingBatcher.DoExecuteBatch(IDbCommand ps) 位置 p:\nhibernate-core\src\NHibernate\AdoNet\SqlClientBatchingBatcher.cs:行号 91
   在 NHibernate.AdoNet.AbstractBatcher.ExecuteBatchWithTiming(IDbCommand ps) 位置 p:\nhibernate-core\src\NHibernate\AdoNet\AbstractBatcher.cs:行号 413
   在 NHibernate.AdoNet.AbstractBatcher.ExecuteBatch() 位置 p:\nhibernate-core\src\NHibernate\AdoNet\AbstractBatcher.cs:行号 397
   在 NHibernate.Engine.ActionQueue.ExecuteActions(IList list) 位置 p:\nhibernate-core\src\NHibernate\Engine\ActionQueue.cs:行号 130
   在 NHibernate.Engine.ActionQueue.ExecuteActions() 位置 p:\nhibernate-core\src\NHibernate\Engine\ActionQueue.cs:行号 170
   在 NHibernate.Event.Default.AbstractFlushingEventListener.PerformExecutions(IEventSource session) 位置 p:\nhibernate-core\src\NHibernate\Event\Default\AbstractFlushingEventListener.cs:行号 241
2017-02-23 17:33:38,623 - ERROR - INSERT 语句与 FOREIGN KEY 约束"FK_LSM_STORE_MATERIAL_DETAIL_LSM_STORE_MATERIAL"冲突。该冲突发生于数据库"JNMES"，表"dbo.LSM_STORE_MATERIAL"。
INSERT 语句与 FOREIGN KEY 约束"FK_LSM_STORE_MATERIAL_DETAIL_LSM_STORE_MATERIAL"冲突。该冲突发生于数据库"JNMES"，表"dbo.LSM_STORE_MATERIAL"。
语句已终止。
语句已终止。
2017-02-23 17:33:38,686 - ERROR - Could not synchronize database state with session
NHibernate.Exceptions.GenericADOException: could not execute batch command.[SQL: SQL not available] ---> System.Data.SqlClient.SqlException: INSERT 语句与 FOREIGN KEY 约束"FK_LSM_STORE_MATERIAL_DETAIL_LSM_STORE_MATERIAL"冲突。该冲突发生于数据库"JNMES"，表"dbo.LSM_STORE_MATERIAL"。
INSERT 语句与 FOREIGN KEY 约束"FK_LSM_STORE_MATERIAL_DETAIL_LSM_STORE_MATERIAL"冲突。该冲突发生于数据库"JNMES"，表"dbo.LSM_STORE_MATERIAL"。
语句已终止。
语句已终止。
   在 System.Data.SqlClient.SqlConnection.OnError(SqlException exception, Boolean breakConnection, Action`1 wrapCloseInAction)
   在 System.Data.SqlClient.TdsParser.ThrowExceptionAndWarning(TdsParserStateObject stateObj, Boolean callerHasConnectionLock, Boolean asyncClose)
   在 System.Data.SqlClient.TdsParser.TryRun(RunBehavior runBehavior, SqlCommand cmdHandler, SqlDataReader dataStream, BulkCopySimpleResultSet bulkCopyHandler, TdsParserStateObject stateObj, Boolean& dataReady)
   在 System.Data.SqlClient.SqlCommand.FinishExecuteReader(SqlDataReader ds, RunBehavior runBehavior, String resetOptionsString)
   在 System.Data.SqlClient.SqlCommand.RunExecuteReaderTds(CommandBehavior cmdBehavior, RunBehavior runBehavior, Boolean returnStream, Boolean async, Int32 timeout, Task& task, Boolean asyncWrite, SqlDataReader ds, Boolean describeParameterEncryptionRequest)
   在 System.Data.SqlClient.SqlCommand.RunExecuteReader(CommandBehavior cmdBehavior, RunBehavior runBehavior, Boolean returnStream, String method, TaskCompletionSource`1 completion, Int32 timeout, Task& task, Boolean asyncWrite)
   在 System.Data.SqlClient.SqlCommand.InternalExecuteNonQuery(TaskCompletionSource`1 completion, String methodName, Boolean sendToPipe, Int32 timeout, Boolean asyncWrite)
   在 System.Data.SqlClient.SqlCommand.ExecuteNonQuery()
   在 System.Data.SqlClient.SqlCommandSet.ExecuteNonQuery()
   在 NHibernate.AdoNet.SqlClientSqlCommandSet.ExecuteNonQuery() 位置 p:\nhibernate-core\src\NHibernate\AdoNet\SqlClientSqlCommandSet.cs:行号 117
   在 NHibernate.AdoNet.SqlClientBatchingBatcher.DoExecuteBatch(IDbCommand ps) 位置 p:\nhibernate-core\src\NHibernate\AdoNet\SqlClientBatchingBatcher.cs:行号 87
   --- 内部异常堆栈跟踪的结尾 ---
   在 NHibernate.AdoNet.SqlClientBatchingBatcher.DoExecuteBatch(IDbCommand ps) 位置 p:\nhibernate-core\src\NHibernate\AdoNet\SqlClientBatchingBatcher.cs:行号 91
   在 NHibernate.AdoNet.AbstractBatcher.ExecuteBatchWithTiming(IDbCommand ps) 位置 p:\nhibernate-core\src\NHibernate\AdoNet\AbstractBatcher.cs:行号 413
   在 NHibernate.AdoNet.AbstractBatcher.ExecuteBatch() 位置 p:\nhibernate-core\src\NHibernate\AdoNet\AbstractBatcher.cs:行号 397
   在 NHibernate.Engine.ActionQueue.ExecuteActions(IList list) 位置 p:\nhibernate-core\src\NHibernate\Engine\ActionQueue.cs:行号 130
   在 NHibernate.Engine.ActionQueue.ExecuteActions() 位置 p:\nhibernate-core\src\NHibernate\Engine\ActionQueue.cs:行号 170
   在 NHibernate.Event.Default.AbstractFlushingEventListener.PerformExecutions(IEventSource session) 位置 p:\nhibernate-core\src\NHibernate\Event\Default\AbstractFlushingEventListener.cs:行号 241
2017-02-23 18:30:00,268 - ERROR - START>Application
